#
# There is insufficient memory for the Java Runtime Environment to continue.
# Native memory allocation (mmap) failed to map 716177408 bytes for committing reserved memory.
# Possible reasons:
#   The system is out of physical RAM or swap space
#   In 32 bit mode, the process size limit was hit
# Possible solutions:
#   Reduce memory load on the system
#   Increase physical memory or swap space
#   Check if swap backing store is full
#   Use 64 bit Java on a 64 bit OS
#   Decrease Java heap size (-Xmx/-Xms)
#   Decrease number of Java threads
#   Decrease Java thread stack sizes (-Xss)
#   Set larger code cache with -XX:ReservedCodeCacheSize=
# This output file may be truncated or incomplete.
#
#  Out of Memory Error (os_linux.cpp:2640), pid=18982, tid=0x00007f4388730700
#
# JRE version:  (8.0_181-b13) (build )
# Java VM: Java HotSpot(TM) 64-Bit Server VM (25.181-b13 mixed mode linux-amd64 compressed oops)
# Failed to write core dump. Core dumps have been disabled. To enable core dumping, try "ulimit -c unlimited" before starting Java again
#

---------------  T H R E A D  ---------------

Current thread (0x00007f438000b000):  JavaThread "Unknown thread" [_thread_in_vm, id=18983, stack(0x00007f4388631000,0x00007f4388731000)]

Stack: [0x00007f4388631000,0x00007f4388731000],  sp=0x00007f438872f360,  free space=1016k
Native frames: (J=compiled Java code, j=interpreted, Vv=VM code, C=native code)
V  [libjvm.so+0xad21aa]  VMError::report_and_die()+0x2ba
V  [libjvm.so+0x5022db]  report_vm_out_of_memory(char const*, int, unsigned long, VMErrorType, char const*)+0x8b
V  [libjvm.so+0x92fe33]  os::Linux::commit_memory_impl(char*, unsigned long, bool)+0x123
V  [libjvm.so+0x930059]  os::pd_commit_memory(char*, unsigned long, unsigned long, bool)+0x29
V  [libjvm.so+0x9272ba]  os::commit_memory(char*, unsigned long, unsigned long, bool)+0x2a
V  [libjvm.so+0x99d2e3]  PSVirtualSpace::expand_by(unsigned long)+0x53
V  [libjvm.so+0x98d3f7]  PSOldGen::initialize(ReservedSpace, unsigned long, char const*, int)+0xb7
V  [libjvm.so+0x2dc1ea]  AdjoiningGenerations::AdjoiningGenerations(ReservedSpace, GenerationSizer*, unsigned long)+0x39a
V  [libjvm.so+0x951426]  ParallelScavengeHeap::initialize()+0x1d6
V  [libjvm.so+0xa9a1e3]  Universe::initialize_heap()+0xf3
V  [libjvm.so+0xa9a74e]  universe_init()+0x3e
V  [libjvm.so+0x644875]  init_globals()+0x65
V  [libjvm.so+0xa7eefe]  Threads::create_vm(JavaVMInitArgs*, bool*)+0x23e
V  [libjvm.so+0x6d8d74]  JNI_CreateJavaVM+0x74
C  [libjli.so+0x797e]  JavaMain+0x9e
C  [libpthread.so.0+0x76db]  start_thread+0xdb


---------------  P R O C E S S  ---------------

Java Threads: ( => current thread )

Other Threads:

=>0x00007f438000b000 (exited) JavaThread "Unknown thread" [_thread_in_vm, id=18983, stack(0x00007f4388631000,0x00007f4388731000)]

VM state:not at safepoint (not fully initialized)

VM Mutex/Monitor currently owned by a thread: None

GC Heap History (0 events):
No events

Deoptimization events (0 events):
No events

Classes redefined (0 events):
No events

Internal exceptions (0 events):
No events

Events (0 events):
No events


Dynamic libraries:
00400000-00401000 r-xp 00000000 08:07 545578                             /usr/lib/jvm/java-8-oracle/bin/java
00600000-00601000 rw-p 00000000 08:07 545578                             /usr/lib/jvm/java-8-oracle/bin/java
00cef000-00d10000 rw-p 00000000 00:00 0                                  [heap]
eab00000-100000000 rw-p 00000000 00:00 0 
7f4378000000-7f4378270000 rwxp 00000000 00:00 0 
7f4378270000-7f4380000000 ---p 00000000 00:00 0 
7f4380000000-7f4380036000 rw-p 00000000 00:00 0 
7f4380036000-7f4384000000 ---p 00000000 00:00 0 
7f4385038000-7f43852c3000 rw-p 00000000 00:00 0 
7f43852c3000-7f4385418000 ---p 00000000 00:00 0 
7f4385418000-7f43854ce000 rw-p 00000000 00:00 0 
7f43854ce000-7f43856c4000 ---p 00000000 00:00 0 
7f43856c4000-7f43856df000 r-xp 00000000 08:07 547091                     /usr/lib/jvm/java-8-oracle/jre/lib/amd64/libzip.so
7f43856df000-7f43858df000 ---p 0001b000 08:07 547091                     /usr/lib/jvm/java-8-oracle/jre/lib/amd64/libzip.so
7f43858df000-7f43858e0000 rw-p 0001b000 08:07 547091                     /usr/lib/jvm/java-8-oracle/jre/lib/amd64/libzip.so
7f43858e0000-7f43858eb000 r-xp 00000000 08:07 398552                     /lib/x86_64-linux-gnu/libnss_files-2.27.so
7f43858eb000-7f4385aea000 ---p 0000b000 08:07 398552                     /lib/x86_64-linux-gnu/libnss_files-2.27.so
7f4385aea000-7f4385aeb000 r--p 0000a000 08:07 398552                     /lib/x86_64-linux-gnu/libnss_files-2.27.so
7f4385aeb000-7f4385aec000 rw-p 0000b000 08:07 398552                     /lib/x86_64-linux-gnu/libnss_files-2.27.so
7f4385aec000-7f4385af2000 rw-p 00000000 00:00 0 
7f4385af2000-7f4385b09000 r-xp 00000000 08:07 398546                     /lib/x86_64-linux-gnu/libnsl-2.27.so
7f4385b09000-7f4385d08000 ---p 00017000 08:07 398546                     /lib/x86_64-linux-gnu/libnsl-2.27.so
7f4385d08000-7f4385d09000 r--p 00016000 08:07 398546                     /lib/x86_64-linux-gnu/libnsl-2.27.so
7f4385d09000-7f4385d0a000 rw-p 00017000 08:07 398546                     /lib/x86_64-linux-gnu/libnsl-2.27.so
7f4385d0a000-7f4385d0c000 rw-p 00000000 00:00 0 
7f4385d0c000-7f4385d17000 r-xp 00000000 08:07 398563                     /lib/x86_64-linux-gnu/libnss_nis-2.27.so
7f4385d17000-7f4385f16000 ---p 0000b000 08:07 398563                     /lib/x86_64-linux-gnu/libnss_nis-2.27.so
7f4385f16000-7f4385f17000 r--p 0000a000 08:07 398563                     /lib/x86_64-linux-gnu/libnss_nis-2.27.so
7f4385f17000-7f4385f18000 rw-p 0000b000 08:07 398563                     /lib/x86_64-linux-gnu/libnss_nis-2.27.so
7f4385f18000-7f4385f20000 r-xp 00000000 08:07 398548                     /lib/x86_64-linux-gnu/libnss_compat-2.27.so
7f4385f20000-7f4386120000 ---p 00008000 08:07 398548                     /lib/x86_64-linux-gnu/libnss_compat-2.27.so
7f4386120000-7f4386121000 r--p 00008000 08:07 398548                     /lib/x86_64-linux-gnu/libnss_compat-2.27.so
7f4386121000-7f4386122000 rw-p 00009000 08:07 398548                     /lib/x86_64-linux-gnu/libnss_compat-2.27.so
7f4386122000-7f438614d000 r-xp 00000000 08:07 547085                     /usr/lib/jvm/java-8-oracle/jre/lib/amd64/libjava.so
7f438614d000-7f438634c000 ---p 0002b000 08:07 547085                     /usr/lib/jvm/java-8-oracle/jre/lib/amd64/libjava.so
7f438634c000-7f438634e000 rw-p 0002a000 08:07 547085                     /usr/lib/jvm/java-8-oracle/jre/lib/amd64/libjava.so
7f438634e000-7f438635b000 r-xp 00000000 08:07 547090                     /usr/lib/jvm/java-8-oracle/jre/lib/amd64/libverify.so
7f438635b000-7f438655b000 ---p 0000d000 08:07 547090                     /usr/lib/jvm/java-8-oracle/jre/lib/amd64/libverify.so
7f438655b000-7f438655d000 rw-p 0000d000 08:07 547090                     /usr/lib/jvm/java-8-oracle/jre/lib/amd64/libverify.so
7f438655d000-7f4386564000 r-xp 00000000 08:07 398603                     /lib/x86_64-linux-gnu/librt-2.27.so
7f4386564000-7f4386763000 ---p 00007000 08:07 398603                     /lib/x86_64-linux-gnu/librt-2.27.so
7f4386763000-7f4386764000 r--p 00006000 08:07 398603                     /lib/x86_64-linux-gnu/librt-2.27.so
7f4386764000-7f4386765000 rw-p 00007000 08:07 398603                     /lib/x86_64-linux-gnu/librt-2.27.so
7f4386765000-7f4386902000 r-xp 00000000 08:07 398525                     /lib/x86_64-linux-gnu/libm-2.27.so
7f4386902000-7f4386b01000 ---p 0019d000 08:07 398525                     /lib/x86_64-linux-gnu/libm-2.27.so
7f4386b01000-7f4386b02000 r--p 0019c000 08:07 398525                     /lib/x86_64-linux-gnu/libm-2.27.so
7f4386b02000-7f4386b03000 rw-p 0019d000 08:07 398525                     /lib/x86_64-linux-gnu/libm-2.27.so
7f4386b03000-7f43877df000 r-xp 00000000 08:07 547111                     /usr/lib/jvm/java-8-oracle/jre/lib/amd64/server/libjvm.so
7f43877df000-7f43879df000 ---p 00cdc000 08:07 547111                     /usr/lib/jvm/java-8-oracle/jre/lib/amd64/server/libjvm.so
7f43879df000-7f4387ab9000 rw-p 00cdc000 08:07 547111                     /usr/lib/jvm/java-8-oracle/jre/lib/amd64/server/libjvm.so
7f4387ab9000-7f4387b04000 rw-p 00000000 00:00 0 
7f4387b04000-7f4387ceb000 r-xp 00000000 08:07 398462                     /lib/x86_64-linux-gnu/libc-2.27.so
7f4387ceb000-7f4387eeb000 ---p 001e7000 08:07 398462                     /lib/x86_64-linux-gnu/libc-2.27.so
7f4387eeb000-7f4387eef000 r--p 001e7000 08:07 398462                     /lib/x86_64-linux-gnu/libc-2.27.so
7f4387eef000-7f4387ef1000 rw-p 001eb000 08:07 398462                     /lib/x86_64-linux-gnu/libc-2.27.so
7f4387ef1000-7f4387ef5000 rw-p 00000000 00:00 0 
7f4387ef5000-7f4387ef8000 r-xp 00000000 08:07 398485                     /lib/x86_64-linux-gnu/libdl-2.27.so
7f4387ef8000-7f43880f7000 ---p 00003000 08:07 398485                     /lib/x86_64-linux-gnu/libdl-2.27.so
7f43880f7000-7f43880f8000 r--p 00002000 08:07 398485                     /lib/x86_64-linux-gnu/libdl-2.27.so
7f43880f8000-7f43880f9000 rw-p 00003000 08:07 398485                     /lib/x86_64-linux-gnu/libdl-2.27.so
7f43880f9000-7f438810f000 r-xp 00000000 08:07 546826                     /usr/lib/jvm/java-8-oracle/lib/amd64/jli/libjli.so
7f438810f000-7f438830e000 ---p 00016000 08:07 546826                     /usr/lib/jvm/java-8-oracle/lib/amd64/jli/libjli.so
7f438830e000-7f438830f000 rw-p 00015000 08:07 546826                     /usr/lib/jvm/java-8-oracle/lib/amd64/jli/libjli.so
7f438830f000-7f4388329000 r-xp 00000000 08:07 398595                     /lib/x86_64-linux-gnu/libpthread-2.27.so
7f4388329000-7f4388528000 ---p 0001a000 08:07 398595                     /lib/x86_64-linux-gnu/libpthread-2.27.so
7f4388528000-7f4388529000 r--p 00019000 08:07 398595                     /lib/x86_64-linux-gnu/libpthread-2.27.so
7f4388529000-7f438852a000 rw-p 0001a000 08:07 398595                     /lib/x86_64-linux-gnu/libpthread-2.27.so
7f438852a000-7f438852e000 rw-p 00000000 00:00 0 
7f438852e000-7f4388555000 r-xp 00000000 08:07 398434                     /lib/x86_64-linux-gnu/ld-2.27.so
7f4388630000-7f4388631000 ---p 00000000 00:00 0 
7f4388631000-7f4388634000 ---p 00000000 00:00 0 
7f4388634000-7f4388735000 rw-p 00000000 00:00 0 
7f438874b000-7f4388753000 rw-s 00000000 08:07 263486                     /tmp/hsperfdata_souissi/18982
7f4388753000-7f4388754000 rw-p 00000000 00:00 0 
7f4388754000-7f4388755000 r--p 00000000 00:00 0 
7f4388755000-7f4388756000 r--p 00027000 08:07 398434                     /lib/x86_64-linux-gnu/ld-2.27.so
7f4388756000-7f4388757000 rw-p 00028000 08:07 398434                     /lib/x86_64-linux-gnu/ld-2.27.so
7f4388757000-7f4388758000 rw-p 00000000 00:00 0 
7ffe96ba2000-7ffe96bc4000 rw-p 00000000 00:00 0                          [stack]
7ffe96bd9000-7ffe96bdc000 r--p 00000000 00:00 0                          [vvar]
7ffe96bdc000-7ffe96bde000 r-xp 00000000 00:00 0                          [vdso]
ffffffffff600000-ffffffffff601000 r-xp 00000000 00:00 0                  [vsyscall]

VM Arguments:
jvm_args: -Xms1024m -Xmx1024m -XX:ReservedCodeCacheSize=128m -XX:MaxMetaspaceSize=256m 
java_command: /usr/share/sbt/bin/sbt-launch.jar update
java_class_path (initial): /usr/share/sbt/bin/sbt-launch.jar
Launcher Type: SUN_STANDARD

Environment Variables:
JAVA_HOME=/usr/lib/jvm/java-8-oracle
CLASSPATH=/usr/lib/jvm/java-8-oracle/lib::/home/souissi/MWInstallation/glassfish5/glassfish/lib/*:/home/souissi/MWInstallation/glassfish5/glassfish/lib/appserv-rt.jar:/home/souissi/MWInstallation/glassfish5/glassfish/lib/javaee.jar
PATH=/home/souissi/MWInstallation/rabbitmq_server-3.7.7/sbin/:/home/souissi/MWInstallation/glassfish5/glassfish/bin:/usr/lib/jvm/java-8-oracle/bin:/home/souissi/.local/bin:/usr/local/sbin:/usr/local/bin:/usr/sbin:/usr/bin:/sbin:/bin:/usr/games:/usr/local/games:/snap/bin:/usr/lib/jvm/java-10-oracle/bin:/usr/lib/jvm/java-10-oracle/db/bin:/home/souissi/MWInstallation:/home/souissi/MWInstallation/glassfish5/javadb/bin
USERNAME=souissi
SHELL=/bin/bash
DISPLAY=:0

Signal Handlers:
SIGSEGV: [libjvm.so+0xad2a40], sa_mask[0]=11111111011111111101111111111110, sa_flags=SA_RESTART|SA_SIGINFO
SIGBUS: [libjvm.so+0xad2a40], sa_mask[0]=11111111011111111101111111111110, sa_flags=SA_RESTART|SA_SIGINFO
SIGFPE: [libjvm.so+0x92a610], sa_mask[0]=11111111011111111101111111111110, sa_flags=SA_RESTART|SA_SIGINFO
SIGPIPE: [libjvm.so+0x92a610], sa_mask[0]=11111111011111111101111111111110, sa_flags=SA_RESTART|SA_SIGINFO
SIGXFSZ: [libjvm.so+0x92a610], sa_mask[0]=11111111011111111101111111111110, sa_flags=SA_RESTART|SA_SIGINFO
SIGILL: [libjvm.so+0x92a610], sa_mask[0]=11111111011111111101111111111110, sa_flags=SA_RESTART|SA_SIGINFO
SIGUSR1: SIG_DFL, sa_mask[0]=00000000000000000000000000000000, sa_flags=none
SIGUSR2: [libjvm.so+0x92be70], sa_mask[0]=00100000000000000000000000000000, sa_flags=SA_RESTART|SA_SIGINFO
SIGHUP: SIG_DFL, sa_mask[0]=00000000000000000000000000000000, sa_flags=none
SIGINT: SIG_DFL, sa_mask[0]=00000000000000000000000000000000, sa_flags=none
SIGTERM: SIG_DFL, sa_mask[0]=00000000000000000000000000000000, sa_flags=none
SIGQUIT: SIG_DFL, sa_mask[0]=00000000000000000000000000000000, sa_flags=none


---------------  S Y S T E M  ---------------

OS:DISTRIB_ID=Ubuntu
DISTRIB_RELEASE=18.04
DISTRIB_CODENAME=bionic
DISTRIB_DESCRIPTION="Ubuntu 18.04.1 LTS"

uname:Linux 4.15.0-50-generic #54-Ubuntu SMP Mon May 6 18:46:08 UTC 2019 x86_64
libc:glibc 2.27 NPTL 2.27 
rlimit: STACK 8192k, CORE 0k, NPROC 31182, NOFILE 1048576, AS infinity
load average:1.19 1.79 2.95

/proc/meminfo:
MemTotal:        8054380 kB
MemFree:          345012 kB
MemAvailable:     517956 kB
Buffers:           22684 kB
Cached:           486452 kB
SwapCached:         8012 kB
Active:          5717092 kB
Inactive:        1491024 kB
Active(anon):    5626096 kB
Inactive(anon):  1231188 kB
Active(file):      90996 kB
Inactive(file):   259836 kB
Unevictable:          16 kB
Mlocked:              16 kB
SwapTotal:        899960 kB
SwapFree:           1104 kB
Dirty:             49136 kB
Writeback:             0 kB
AnonPages:       6691348 kB
Mapped:           410796 kB
Shmem:            158268 kB
Slab:             239440 kB
SReclaimable:      84788 kB
SUnreclaim:       154652 kB
KernelStack:       22288 kB
PageTables:        80532 kB
NFS_Unstable:          0 kB
Bounce:                0 kB
WritebackTmp:          0 kB
CommitLimit:     4927148 kB
Committed_AS:   15734988 kB
VmallocTotal:   34359738367 kB
VmallocUsed:           0 kB
VmallocChunk:          0 kB
HardwareCorrupted:     0 kB
AnonHugePages:         0 kB
ShmemHugePages:        0 kB
ShmemPmdMapped:        0 kB
CmaTotal:              0 kB
CmaFree:               0 kB
HugePages_Total:       0
HugePages_Free:        0
HugePages_Rsvd:        0
HugePages_Surp:        0
Hugepagesize:       2048 kB
DirectMap4k:      455968 kB
DirectMap2M:     7819264 kB
DirectMap1G:           0 kB


CPU:total 8 (initial active 8) (4 cores per cpu, 2 threads per core) family 6 model 60 stepping 3, cmov, cx8, fxsr, mmx, sse, sse2, sse3, ssse3, sse4.1, sse4.2, popcnt, avx, avx2, aes, clmul, erms, lzcnt, ht, tsc, tscinvbit, bmi1, bmi2

/proc/cpuinfo:
processor	: 0
vendor_id	: GenuineIntel
cpu family	: 6
model		: 60
model name	: Intel(R) Core(TM) i7-4720HQ CPU @ 2.60GHz
stepping	: 3
microcode	: 0x27
cpu MHz		: 1151.553
cache size	: 6144 KB
physical id	: 0
siblings	: 8
core id		: 0
cpu cores	: 4
apicid		: 0
initial apicid	: 0
fpu		: yes
fpu_exception	: yes
cpuid level	: 13
wp		: yes
flags		: fpu vme de pse tsc msr pae mce cx8 apic sep mtrr pge mca cmov pat pse36 clflush dts acpi mmx fxsr sse sse2 ss ht tm pbe syscall nx pdpe1gb rdtscp lm constant_tsc arch_perfmon pebs bts rep_good nopl xtopology nonstop_tsc cpuid aperfmperf pni pclmulqdq dtes64 monitor ds_cpl vmx est tm2 ssse3 sdbg fma cx16 xtpr pdcm pcid sse4_1 sse4_2 x2apic movbe popcnt tsc_deadline_timer aes xsave avx f16c rdrand lahf_lm abm cpuid_fault epb invpcid_single pti ssbd ibrs ibpb stibp tpr_shadow vnmi flexpriority ept vpid fsgsbase tsc_adjust bmi1 avx2 smep bmi2 erms invpcid xsaveopt dtherm ida arat pln pts md_clear flush_l1d
bugs		: cpu_meltdown spectre_v1 spectre_v2 spec_store_bypass l1tf mds
bogomips	: 5187.83
clflush size	: 64
cache_alignment	: 64
address sizes	: 39 bits physical, 48 bits virtual
power management:

processor	: 1
vendor_id	: GenuineIntel
cpu family	: 6
model		: 60
model name	: Intel(R) Core(TM) i7-4720HQ CPU @ 2.60GHz
stepping	: 3
microcode	: 0x27
cpu MHz		: 1150.108
cache size	: 6144 KB
physical id	: 0
siblings	: 8
core id		: 1
cpu cores	: 4
apicid		: 2
initial apicid	: 2
fpu		: yes
fpu_exception	: yes
cpuid level	: 13
wp		: yes
flags		: fpu vme de pse tsc msr pae mce cx8 apic sep mtrr pge mca cmov pat pse36 clflush dts acpi mmx fxsr sse sse2 ss ht tm pbe syscall nx pdpe1gb rdtscp lm constant_tsc arch_perfmon pebs bts rep_good nopl xtopology nonstop_tsc cpuid aperfmperf pni pclmulqdq dtes64 monitor ds_cpl vmx est tm2 ssse3 sdbg fma cx16 xtpr pdcm pcid sse4_1 sse4_2 x2apic movbe popcnt tsc_deadline_timer aes xsave avx f16c rdrand lahf_lm abm cpuid_fault epb invpcid_single pti ssbd ibrs ibpb stibp tpr_shadow vnmi flexpriority ept vpid fsgsbase tsc_adjust bmi1 avx2 smep bmi2 erms invpcid xsaveopt dtherm ida arat pln pts md_clear flush_l1d
bugs		: cpu_meltdown spectre_v1 spectre_v2 spec_store_bypass l1tf mds
bogomips	: 5187.83
clflush size	: 64
cache_alignment	: 64
address sizes	: 39 bits physical, 48 bits virtual
power management:

processor	: 2
vendor_id	: GenuineIntel
cpu family	: 6
model		: 60
model name	: Intel(R) Core(TM) i7-4720HQ CPU @ 2.60GHz
stepping	: 3
microcode	: 0x27
cpu MHz		: 1150.583
cache size	: 6144 KB
physical id	: 0
siblings	: 8
core id		: 2
cpu cores	: 4
apicid		: 4
initial apicid	: 4
fpu		: yes
fpu_exception	: yes
cpuid level	: 13
wp		: yes
flags		: fpu vme de pse tsc msr pae mce cx8 apic sep mtrr pge mca cmov pat pse36 clflush dts acpi mmx fxsr sse sse2 ss ht tm pbe syscall nx pdpe1gb rdtscp lm constant_tsc arch_perfmon pebs bts rep_good nopl xtopology nonstop_tsc cpuid aperfmperf pni pclmulqdq dtes64 monitor ds_cpl vmx est tm2 ssse3 sdbg fma cx16 xtpr pdcm pcid sse4_1 sse4_2 x2apic movbe popcnt tsc_deadline_timer aes xsave avx f16c rdrand lahf_lm abm cpuid_fault epb invpcid_single pti ssbd ibrs ibpb stibp tpr_shadow vnmi flexpriority ept vpid fsgsbase tsc_adjust bmi1 avx2 smep bmi2 erms invpcid xsaveopt dtherm ida arat pln pts md_clear flush_l1d
bugs		: cpu_meltdown spectre_v1 spectre_v2 spec_store_bypass l1tf mds
bogomips	: 5187.83
clflush size	: 64
cache_alignment	: 64
address sizes	: 39 bits physical, 48 bits virtual
power management:

processor	: 3
vendor_id	: GenuineIntel
cpu family	: 6
model		: 60
model name	: Intel(R) Core(TM) i7-4720HQ CPU @ 2.60GHz
stepping	: 3
microcode	: 0x27
cpu MHz		: 1110.233
cache size	: 6144 KB
physical id	: 0
siblings	: 8
core id		: 3
cpu cores	: 4
apicid		: 6
initial apicid	: 6
fpu		: yes
fpu_exception	: yes
cpuid level	: 13
wp		: yes
flags		: fpu vme de pse tsc msr pae mce cx8 apic sep mtrr pge mca cmov pat pse36 clflush dts acpi mmx fxsr sse sse2 ss ht tm pbe syscall nx pdpe1gb rdtscp lm constant_tsc arch_perfmon pebs bts rep_good nopl xtopology nonstop_tsc cpuid aperfmperf pni pclmulqdq dtes64 monitor ds_cpl vmx est tm2 ssse3 sdbg fma cx16 xtpr pdcm pcid sse4_1 sse4_2 x2apic movbe popcnt tsc_deadline_timer aes xsave avx f16c rdrand lahf_lm abm cpuid_fault epb invpcid_single pti ssbd ibrs ibpb stibp tpr_shadow vnmi flexpriority ept vpid fsgsbase tsc_adjust bmi1 avx2 smep bmi2 erms invpcid xsaveopt dtherm ida arat pln pts md_clear flush_l1d
bugs		: cpu_meltdown spectre_v1 spectre_v2 spec_store_bypass l1tf mds
bogomips	: 5187.83
clflush size	: 64
cache_alignment	: 64
address sizes	: 39 bits physical, 48 bits virtual
power management:

processor	: 4
vendor_id	: GenuineIntel
cpu family	: 6
model		: 60
model name	: Intel(R) Core(TM) i7-4720HQ CPU @ 2.60GHz
stepping	: 3
microcode	: 0x27
cpu MHz		: 1117.879
cache size	: 6144 KB
physical id	: 0
siblings	: 8
core id		: 0
cpu cores	: 4
apicid		: 1
initial apicid	: 1
fpu		: yes
fpu_exception	: yes
cpuid level	: 13
wp		: yes
flags		: fpu vme de pse tsc msr pae mce cx8 apic sep mtrr pge mca cmov pat pse36 clflush dts acpi mmx fxsr sse sse2 ss ht tm pbe syscall nx pdpe1gb rdtscp lm constant_tsc arch_perfmon pebs bts rep_good nopl xtopology nonstop_tsc cpuid aperfmperf pni pclmulqdq dtes64 monitor ds_cpl vmx est tm2 ssse3 sdbg fma cx16 xtpr pdcm pcid sse4_1 sse4_2 x2apic movbe popcnt tsc_deadline_timer aes xsave avx f16c rdrand lahf_lm abm cpuid_fault epb invpcid_single pti ssbd ibrs ibpb stibp tpr_shadow vnmi flexpriority ept vpid fsgsbase tsc_adjust bmi1 avx2 smep bmi2 erms invpcid xsaveopt dtherm ida arat pln pts md_clear flush_l1d
bugs		: cpu_meltdown spectre_v1 spectre_v2 spec_store_bypass l1tf mds
bogomips	: 5187.83
clflush size	: 64
cache_alignment	: 64
address sizes	: 39 bits physical, 48 bits virtual
power management:

processor	: 5
vendor_id	: GenuineIntel
cpu family	: 6
model		: 60
model name	: Intel(R) Core(TM) i7-4720HQ CPU @ 2.60GHz
stepping	: 3
microcode	: 0x27
cpu MHz		: 1149.880
cache size	: 6144 KB
physical id	: 0
siblings	: 8
core id		: 1
cpu cores	: 4
apicid		: 3
initial apicid	: 3
fpu		: yes
fpu_exception	: yes
cpuid level	: 13
wp		: yes
flags		: fpu vme de pse tsc msr pae mce cx8 apic sep mtrr pge mca cmov pat pse36 clflush dts acpi mmx fxsr sse sse2 ss ht tm pbe syscall nx pdpe1gb rdtscp lm constant_tsc arch_perfmon pebs bts rep_good nopl xtopology nonstop_tsc cpuid aperfmperf pni pclmulqdq dtes64 monitor ds_cpl vmx est tm2 ssse3 sdbg fma cx16 xtpr pdcm pcid sse4_1 sse4_2 x2apic movbe popcnt tsc_deadline_timer aes xsave avx f16c rdrand lahf_lm abm cpuid_fault epb invpcid_single pti ssbd ibrs ibpb stibp tpr_shadow vnmi flexpriority ept vpid fsgsbase tsc_adjust bmi1 avx2 smep bmi2 erms invpcid xsaveopt dtherm ida arat pln pts md_clear flush_l1d
bugs		: cpu_meltdown spectre_v1 spectre_v2 spec_store_bypass l1tf mds
bogomips	: 5187.83
clflush size	: 64
cache_alignment	: 64
address sizes	: 39 bits physical, 48 bits virtual
power management:

processor	: 6
vendor_id	: GenuineIntel
cpu family	: 6
model		: 60
model name	: Intel(R) Core(TM) i7-4720HQ CPU @ 2.60GHz
stepping	: 3
microcode	: 0x27
cpu MHz		: 1122.621
cache size	: 6144 KB
physical id	: 0
siblings	: 8
core id		: 2
cpu cores	: 4
apicid		: 5
initial apicid	: 5
fpu		: yes
fpu_exception	: yes
cpuid level	: 13
wp		: yes
flags		: fpu vme de pse tsc msr pae mce cx8 apic sep mtrr pge mca cmov pat pse36 clflush dts acpi mmx fxsr sse sse2 ss ht tm pbe syscall nx pdpe1gb rdtscp lm constant_tsc arch_perfmon pebs bts rep_good nopl xtopology nonstop_tsc cpuid aperfmperf pni pclmulqdq dtes64 monitor ds_cpl vmx est tm2 ssse3 sdbg fma cx16 xtpr pdcm pcid sse4_1 sse4_2 x2apic movbe popcnt tsc_deadline_timer aes xsave avx f16c rdrand lahf_lm abm cpuid_fault epb invpcid_single pti ssbd ibrs ibpb stibp tpr_shadow vnmi flexpriority ept vpid fsgsbase tsc_adjust bmi1 avx2 smep bmi2 erms invpcid xsaveopt dtherm ida arat pln pts md_clear flush_l1d
bugs		: cpu_meltdown spectre_v1 spectre_v2 spec_store_bypass l1tf mds
bogomips	: 5187.83
clflush size	: 64
cache_alignment	: 64
address sizes	: 39 bits physical, 48 bits virtual
power management:

processor	: 7
vendor_id	: GenuineIntel
cpu family	: 6
model		: 60
model name	: Intel(R) Core(TM) i7-4720HQ CPU @ 2.60GHz
stepping	: 3
microcode	: 0x27
cpu MHz		: 1178.679
cache size	: 6144 KB
physical id	: 0
siblings	: 8
core id		: 3
cpu cores	: 4
apicid		: 7
initial apicid	: 7
fpu		: yes
fpu_exception	: yes
cpuid level	: 13
wp		: yes
flags		: fpu vme de pse tsc msr pae mce cx8 apic sep mtrr pge mca cmov pat pse36 clflush dts acpi mmx fxsr sse sse2 ss ht tm pbe syscall nx pdpe1gb rdtscp lm constant_tsc arch_perfmon pebs bts rep_good nopl xtopology nonstop_tsc cpuid aperfmperf pni pclmulqdq dtes64 monitor ds_cpl vmx est tm2 ssse3 sdbg fma cx16 xtpr pdcm pcid sse4_1 sse4_2 x2apic movbe popcnt tsc_deadline_timer aes xsave avx f16c rdrand lahf_lm abm cpuid_fault epb invpcid_single pti ssbd ibrs ibpb stibp tpr_shadow vnmi flexpriority ept vpid fsgsbase tsc_adjust bmi1 avx2 smep bmi2 erms invpcid xsaveopt dtherm ida arat pln pts md_clear flush_l1d
bugs		: cpu_meltdown spectre_v1 spectre_v2 spec_store_bypass l1tf mds
bogomips	: 5187.83
clflush size	: 64
cache_alignment	: 64
address sizes	: 39 bits physical, 48 bits virtual
power management:



Memory: 4k page, physical 8054380k(345012k free), swap 899960k(1104k free)

vm_info: Java HotSpot(TM) 64-Bit Server VM (25.181-b13) for linux-amd64 JRE (1.8.0_181-b13), built on Jul  7 2018 00:56:38 by "java_re" with gcc 4.3.0 20080428 (Red Hat 4.3.0-8)

time: Sun Jun  2 16:05:07 2019
elapsed time: 0 seconds (0d 0h 0m 0s)

