#
# There is insufficient memory for the Java Runtime Environment to continue.
# Native memory allocation (mmap) failed to map 283115520 bytes for committing reserved memory.
# Possible reasons:
#   The system is out of physical RAM or swap space
#   The process is running with CompressedOops enabled, and the Java Heap may be blocking the growth of the native heap
# Possible solutions:
#   Reduce memory load on the system
#   Increase physical memory or swap space
#   Check if swap backing store is full
#   Decrease Java heap size (-Xmx/-Xms)
#   Decrease number of Java threads
#   Decrease Java thread stack sizes (-Xss)
#   Set larger code cache with -XX:ReservedCodeCacheSize=
#   JVM is running with Unscaled Compressed Oops mode in which the Java heap is
#     placed in the first 4GB address space. The Java Heap base address is the
#     maximum limit for the native heap growth. Please use -XX:HeapBaseMinAddress
#     to set the Java Heap base and to place the Java Heap above 4GB virtual address.
# This output file may be truncated or incomplete.
#
#  Out of Memory Error (os_linux.cpp:2719), pid=18564, tid=18575
#
# JRE version: OpenJDK Runtime Environment (11.0.3+7) (build 11.0.3+7-Ubuntu-1ubuntu218.04.1)
# Java VM: OpenJDK 64-Bit Server VM (11.0.3+7-Ubuntu-1ubuntu218.04.1, mixed mode, sharing, tiered, compressed oops, g1 gc, linux-amd64)
# Core dump will be written. Default location: Core dumps may be processed with "/usr/share/apport/apport %p %s %c %d %P" (or dumping to /home/souissi/AkkaApi/core.18564)
#

---------------  S U M M A R Y ------------

Command Line: -Djline.terminal=jline.UnsupportedTerminal -Dsbt.log.noformat=true -Dfile.encoding=UTF-8 -Xmx1536M -Didea.managed=true -Dfile.encoding=UTF-8 /home/souissi/.IdeaIC2019.1/config/plugins/Scala/launcher/sbt-launch.jar

Host: Intel(R) Core(TM) i7-4720HQ CPU @ 2.60GHz, 8 cores, 7G, Ubuntu 18.04.1 LTS
Time: Sun Jun  2 15:54:00 2019 CET elapsed time: 287 seconds (0d 0h 4m 47s)

---------------  T H R E A D  ---------------

Current thread (0x00007f84f8171000):  VMThread "VM Thread" [stack: 0x00007f84d837a000,0x00007f84d847a000] [id=18575]

Stack: [0x00007f84d837a000,0x00007f84d847a000],  sp=0x00007f84d8477ff0,  free space=1015k
Native frames: (J=compiled Java code, A=aot compiled Java code, j=interpreted, Vv=VM code, C=native code)
V  [libjvm.so+0xde1587]
V  [libjvm.so+0xde21db]
V  [libjvm.so+0x650895]
V  [libjvm.so+0xbbc6c8]
V  [libjvm.so+0xbb3f2d]
V  [libjvm.so+0x76ea7f]
V  [libjvm.so+0x76ecee]
V  [libjvm.so+0x77ad60]
V  [libjvm.so+0x7f5e29]
V  [libjvm.so+0x7f6a82]
V  [libjvm.so+0x7f6ee9]
V  [libjvm.so+0x72d3af]
V  [libjvm.so+0x7320aa]
V  [libjvm.so+0xded011]
V  [libjvm.so+0xdebbd8]
V  [libjvm.so+0xde9466]
V  [libjvm.so+0xde992e]
V  [libjvm.so+0xde9d53]
V  [libjvm.so+0xd7805a]
V  [libjvm.so+0xbc238e]

VM_Operation (0x00007f848f0f6c90): G1CollectForAllocation, mode: safepoint, requested by thread 0x00007f84f9690800


---------------  P R O C E S S  ---------------

Threads class SMR info:
_java_thread_list=0x00007f8428006ba0, length=25, elements={
0x00007f84f8012000, 0x00007f84f8174000, 0x00007f84f8176000, 0x00007f84f817c800,
0x00007f84f817e800, 0x00007f84f8180800, 0x00007f84f8182800, 0x00007f84f81d2800,
0x00007f84f81d7000, 0x00007f84fa21b800, 0x00007f8440001000, 0x00007f8434001000,
0x00007f843c006000, 0x00007f8438001000, 0x00007f84f922d800, 0x00007f84f9690800,
0x00007f8478455800, 0x00007f8478456800, 0x00007f847844f000, 0x00007f8478490000,
0x00007f8478382000, 0x00007f8478383000, 0x00007f84784a7000, 0x00007f84784a8000,
0x00007f84784a9000
}

Java Threads: ( => current thread )
  0x00007f84f8012000 JavaThread "main" [_thread_blocked, id=18569, stack(0x00007f8502925000,0x00007f8502a26000)]
  0x00007f84f8174000 JavaThread "Reference Handler" daemon [_thread_blocked, id=18576, stack(0x00007f84d8277000,0x00007f84d8378000)]
  0x00007f84f8176000 JavaThread "Finalizer" daemon [_thread_blocked, id=18577, stack(0x00007f84d8176000,0x00007f84d8277000)]
  0x00007f84f817c800 JavaThread "Signal Dispatcher" daemon [_thread_blocked, id=18578, stack(0x00007f84d8075000,0x00007f84d8176000)]
  0x00007f84f817e800 JavaThread "C2 CompilerThread0" daemon [_thread_blocked, id=18579, stack(0x00007f84cad2f000,0x00007f84cae30000)]
  0x00007f84f8180800 JavaThread "C1 CompilerThread0" daemon [_thread_blocked, id=18580, stack(0x00007f84cac2e000,0x00007f84cad2f000)]
  0x00007f84f8182800 JavaThread "Sweeper thread" daemon [_thread_blocked, id=18581, stack(0x00007f84cab2d000,0x00007f84cac2e000)]
  0x00007f84f81d2800 JavaThread "Service Thread" daemon [_thread_blocked, id=18582, stack(0x00007f84caa2c000,0x00007f84cab2d000)]
  0x00007f84f81d7000 JavaThread "Common-Cleaner" daemon [_thread_blocked, id=18584, stack(0x00007f84ca829000,0x00007f84ca92a000)]
  0x00007f84fa21b800 JavaThread "Log4j2-TF-1-AsyncLogger[AsyncContext@588df31b]-1" daemon [_thread_blocked, id=18590, stack(0x00007f84c94f1000,0x00007f84c95f2000)]
  0x00007f8440001000 JavaThread "scala-execution-context-global-38" daemon [_thread_blocked, id=18638, stack(0x00007f848d8cd000,0x00007f848d9ce000)]
  0x00007f8434001000 JavaThread "scala-execution-context-global-40" daemon [_thread_blocked, id=18639, stack(0x00007f848d7cc000,0x00007f848d8cd000)]
  0x00007f843c006000 JavaThread "scala-execution-context-global-39" daemon [_thread_blocked, id=18640, stack(0x00007f848d6cb000,0x00007f848d7cc000)]
  0x00007f8438001000 JavaThread "scala-execution-context-global-42" daemon [_thread_blocked, id=18641, stack(0x00007f848d5ca000,0x00007f848d6cb000)]
  0x00007f84f922d800 JavaThread "sbt-socket-server" [_thread_in_native, id=18654, stack(0x00007f84c80c9000,0x00007f84c81ca000)]
  0x00007f84f9690800 JavaThread "pool-7-thread-7" [_thread_blocked, id=18679, stack(0x00007f848effa000,0x00007f848f0fb000)]
  0x00007f8478455800 JavaThread "OkHttp repo1.maven.org" [_thread_in_native, id=18683, stack(0x00007f84229cc000,0x00007f8422acd000)]
  0x00007f8478456800 JavaThread "OkHttp ConnectionPool" daemon [_thread_blocked, id=18684, stack(0x00007f84228cb000,0x00007f84229cc000)]
  0x00007f847844f000 JavaThread "Okio Watchdog" daemon [_thread_blocked, id=18687, stack(0x00007f84225c8000,0x00007f84226c9000)]
  0x00007f8478490000 JavaThread "pool-8-thread-1" [_thread_blocked, id=18697, stack(0x00007f84238fc000,0x00007f84239fd000)]
  0x00007f8478382000 JavaThread "pool-8-thread-2" [_thread_blocked, id=18698, stack(0x00007f848f4ff000,0x00007f848f600000)]
  0x00007f8478383000 JavaThread "pool-8-thread-3" [_thread_blocked, id=18699, stack(0x00007f848f1fc000,0x00007f848f2fd000)]
  0x00007f84784a7000 JavaThread "pool-8-thread-4" [_thread_blocked, id=18700, stack(0x00007f848eef9000,0x00007f848effa000)]
  0x00007f84784a8000 JavaThread "pool-8-thread-5" [_thread_blocked, id=18701, stack(0x00007f848ebf8000,0x00007f848ecf9000)]
  0x00007f84784a9000 JavaThread "pool-8-thread-6" [_thread_blocked, id=18702, stack(0x00007f848f2fd000,0x00007f848f3fe000)]

Other Threads:
=>0x00007f84f8171000 VMThread "VM Thread" [stack: 0x00007f84d837a000,0x00007f84d847a000] [id=18575]
  0x00007f84f81d4800 WatcherThread [stack: 0x00007f84ca92c000,0x00007f84caa2c000] [id=18583]
  0x00007f84f8029000 GCTaskThread "GC Thread#0" [stack: 0x00007f84fe926000,0x00007f84fea26000] [id=18570]
  0x00007f84c0001000 GCTaskThread "GC Thread#1" [stack: 0x00007f84ca101000,0x00007f84ca201000] [id=18588]
  0x00007f84c0002800 GCTaskThread "GC Thread#2" [stack: 0x00007f84c9fff000,0x00007f84ca0ff000] [id=18589]
  0x00007f84c0009800 GCTaskThread "GC Thread#3" [stack: 0x00007f848e6f8000,0x00007f848e7f8000] [id=18626]
  0x00007f84c000a800 GCTaskThread "GC Thread#4" [stack: 0x00007f848e5f6000,0x00007f848e6f6000] [id=18627]
  0x00007f84c000c000 GCTaskThread "GC Thread#5" [stack: 0x00007f848e4f4000,0x00007f848e5f4000] [id=18628]
  0x00007f84c000e000 GCTaskThread "GC Thread#6" [stack: 0x00007f848e3f2000,0x00007f848e4f2000] [id=18629]
  0x00007f84c0010000 GCTaskThread "GC Thread#7" [stack: 0x00007f848e2f0000,0x00007f848e3f0000] [id=18630]
  0x00007f84f8050000 ConcurrentGCThread "G1 Main Marker" [stack: 0x00007f84e087e000,0x00007f84e097e000] [id=18571]
  0x00007f84f8052000 ConcurrentGCThread "G1 Conc#0" [stack: 0x00007f84e077c000,0x00007f84e087c000] [id=18572]
  0x00007f84d4001000 ConcurrentGCThread "G1 Conc#1" [stack: 0x00007f84c8bcc000,0x00007f84c8ccc000] [id=18591]
  0x00007f84f80d9000 ConcurrentGCThread "G1 Refine#0" [stack: 0x00007f84d85ff000,0x00007f84d86ff000] [id=18573]
  0x00007f84d0001000 ConcurrentGCThread "G1 Refine#1" [stack: 0x00007f848e1ee000,0x00007f848e2ee000] [id=18631]
  0x00007f8450001000 ConcurrentGCThread "G1 Refine#2" [stack: 0x00007f848e0ec000,0x00007f848e1ec000] [id=18632]
  0x00007f84f80db000 ConcurrentGCThread "G1 Young RemSet Sampling" [stack: 0x00007f84d84fd000,0x00007f84d85fd000] [id=18574]

Threads with active compile tasks:
C2 CompilerThread014918   !   4       java.io.PrintWriter::write (58 bytes)
C1 CompilerThread014920       3       java.text.DateFormatSymbols::initializeData (317 bytes)

VM state:at safepoint (normal execution)

VM Mutex/Monitor currently owned by a thread:  ([mutex/lock_event])
[0x00007f84f800e1c0] Threads_lock - owner thread: 0x00007f84f8171000
[0x00007f84f800e910] Heap_lock - owner thread: 0x00007f84f9690800

Heap address: 0x00000000a0000000, size: 1536 MB, Compressed Oops mode: 32-bit
Narrow klass base: 0x0000000800000000, Narrow klass shift: 3
Compressed class space size: 1073741824 Address: 0x0000000840000000

Heap:
 garbage-first heap   total 523264K, used 92075K [0x00000000a0000000, 0x0000000100000000)
  region size 1024K, 8 young (8192K), 8 survivors (8192K)
 Metaspace       used 96289K, capacity 102629K, committed 102832K, reserved 1134592K
  class space    used 14409K, capacity 17818K, committed 17920K, reserved 1048576K
Heap Regions: E=young(eden), S=young(survivor), O=old, HS=humongous(starts), HC=humongous(continues), CS=collection set, F=free, A=archive, TAMS=top-at-mark-start (previous, next)
|   0|0x00000000a0000000, 0x00000000a00fffc8, 0x00000000a0100000| 99%| O|  |TAMS 0x00000000a00fffc8, 0x00000000a0000000| Untracked 
|   1|0x00000000a0100000, 0x00000000a01fffe0, 0x00000000a0200000| 99%| O|  |TAMS 0x00000000a01fffe0, 0x00000000a0100000| Untracked 
|   2|0x00000000a0200000, 0x00000000a02fff58, 0x00000000a0300000| 99%| O|  |TAMS 0x00000000a02fff58, 0x00000000a0200000| Untracked 
|   3|0x00000000a0300000, 0x00000000a03fffe8, 0x00000000a0400000| 99%| O|  |TAMS 0x00000000a03fffe8, 0x00000000a0300000| Untracked 
|   4|0x00000000a0400000, 0x00000000a04fffe8, 0x00000000a0500000| 99%| O|  |TAMS 0x00000000a04fffe8, 0x00000000a0400000| Untracked 
|   5|0x00000000a0500000, 0x00000000a05fffa0, 0x00000000a0600000| 99%| O|  |TAMS 0x00000000a05fffa0, 0x00000000a0500000| Untracked 
|   6|0x00000000a0600000, 0x00000000a06ffff8, 0x00000000a0700000| 99%| O|  |TAMS 0x00000000a06ffff8, 0x00000000a0600000| Untracked 
|   7|0x00000000a0700000, 0x00000000a07ffff0, 0x00000000a0800000| 99%| O|  |TAMS 0x00000000a07ffff0, 0x00000000a0700000| Untracked 
|   8|0x00000000a0800000, 0x00000000a0900000, 0x00000000a0900000|100%| O|  |TAMS 0x00000000a0900000, 0x00000000a0800000| Untracked 
|   9|0x00000000a0900000, 0x00000000a0a00000, 0x00000000a0a00000|100%| O|  |TAMS 0x00000000a0a00000, 0x00000000a0900000| Untracked 
|  10|0x00000000a0a00000, 0x00000000a0afffe8, 0x00000000a0b00000| 99%| O|  |TAMS 0x00000000a0afffe8, 0x00000000a0a00000| Untracked 
|  11|0x00000000a0b00000, 0x00000000a0bfffe8, 0x00000000a0c00000| 99%| O|  |TAMS 0x00000000a0bfffe8, 0x00000000a0b00000| Untracked 
|  12|0x00000000a0c00000, 0x00000000a0cffff0, 0x00000000a0d00000| 99%| O|  |TAMS 0x00000000a0cffff0, 0x00000000a0c00000| Untracked 
|  13|0x00000000a0d00000, 0x00000000a0dfffa8, 0x00000000a0e00000| 99%| O|  |TAMS 0x00000000a0dfffa8, 0x00000000a0d00000| Untracked 
|  14|0x00000000a0e00000, 0x00000000a0efffe0, 0x00000000a0f00000| 99%| O|  |TAMS 0x00000000a0efffe0, 0x00000000a0e00000| Untracked 
|  15|0x00000000a0f00000, 0x00000000a0fd4a58, 0x00000000a1000000| 83%| O|  |TAMS 0x00000000a0fd4a58, 0x00000000a0f00000| Untracked 
|  16|0x00000000a1000000, 0x00000000a1100000, 0x00000000a1100000|100%| O|  |TAMS 0x00000000a1100000, 0x00000000a1000000| Untracked 
|  17|0x00000000a1100000, 0x00000000a1200000, 0x00000000a1200000|100%| O|  |TAMS 0x00000000a1200000, 0x00000000a1100000| Untracked 
|  18|0x00000000a1200000, 0x00000000a12ffff8, 0x00000000a1300000| 99%| O|  |TAMS 0x00000000a12ffff8, 0x00000000a1200000| Untracked 
|  19|0x00000000a1300000, 0x00000000a13fc030, 0x00000000a1400000| 98%| O|  |TAMS 0x00000000a13fc030, 0x00000000a1300000| Untracked 
|  20|0x00000000a1400000, 0x00000000a1500000, 0x00000000a1500000|100%| O|  |TAMS 0x00000000a1500000, 0x00000000a1400000| Untracked 
|  21|0x00000000a1500000, 0x00000000a157f018, 0x00000000a1600000| 49%| O|  |TAMS 0x00000000a157f018, 0x00000000a1500000| Untracked 
|  22|0x00000000a1600000, 0x00000000a1700000, 0x00000000a1700000|100%| O|  |TAMS 0x00000000a1700000, 0x00000000a1600000| Untracked 
|  23|0x00000000a1700000, 0x00000000a1800000, 0x00000000a1800000|100%| O|  |TAMS 0x00000000a1800000, 0x00000000a1700000| Untracked 
|  24|0x00000000a1800000, 0x00000000a1900000, 0x00000000a1900000|100%| O|  |TAMS 0x00000000a1900000, 0x00000000a1800000| Untracked 
|  25|0x00000000a1900000, 0x00000000a1a00000, 0x00000000a1a00000|100%| O|  |TAMS 0x00000000a1a00000, 0x00000000a1900000| Untracked 
|  26|0x00000000a1a00000, 0x00000000a1b00000, 0x00000000a1b00000|100%| O|  |TAMS 0x00000000a1b00000, 0x00000000a1a00000| Untracked 
|  27|0x00000000a1b00000, 0x00000000a1c00000, 0x00000000a1c00000|100%| O|  |TAMS 0x00000000a1c00000, 0x00000000a1b00000| Untracked 
|  28|0x00000000a1c00000, 0x00000000a1d00000, 0x00000000a1d00000|100%| O|  |TAMS 0x00000000a1d00000, 0x00000000a1c00000| Untracked 
|  29|0x00000000a1d00000, 0x00000000a1e00000, 0x00000000a1e00000|100%| O|  |TAMS 0x00000000a1e00000, 0x00000000a1d00000| Untracked 
|  30|0x00000000a1e00000, 0x00000000a1f00000, 0x00000000a1f00000|100%| O|  |TAMS 0x00000000a1f00000, 0x00000000a1e00000| Untracked 
|  31|0x00000000a1f00000, 0x00000000a2000000, 0x00000000a2000000|100%| O|  |TAMS 0x00000000a2000000, 0x00000000a1f00000| Untracked 
|  32|0x00000000a2000000, 0x00000000a2100000, 0x00000000a2100000|100%| O|  |TAMS 0x00000000a2100000, 0x00000000a2000000| Untracked 
|  33|0x00000000a2100000, 0x00000000a2200000, 0x00000000a2200000|100%| O|  |TAMS 0x00000000a2200000, 0x00000000a2100000| Untracked 
|  34|0x00000000a2200000, 0x00000000a2300000, 0x00000000a2300000|100%| O|  |TAMS 0x00000000a2300000, 0x00000000a2200000| Untracked 
|  35|0x00000000a2300000, 0x00000000a2400000, 0x00000000a2400000|100%| O|  |TAMS 0x00000000a2400000, 0x00000000a2300000| Untracked 
|  36|0x00000000a2400000, 0x00000000a2500000, 0x00000000a2500000|100%| O|  |TAMS 0x00000000a2500000, 0x00000000a2400000| Untracked 
|  37|0x00000000a2500000, 0x00000000a2600000, 0x00000000a2600000|100%| O|  |TAMS 0x00000000a2600000, 0x00000000a2500000| Untracked 
|  38|0x00000000a2600000, 0x00000000a2700000, 0x00000000a2700000|100%| O|  |TAMS 0x00000000a2700000, 0x00000000a2600000| Untracked 
|  39|0x00000000a2700000, 0x00000000a2800000, 0x00000000a2800000|100%| O|  |TAMS 0x00000000a2800000, 0x00000000a2700000| Untracked 
|  40|0x00000000a2800000, 0x00000000a2900000, 0x00000000a2900000|100%| O|  |TAMS 0x00000000a2900000, 0x00000000a2800000| Untracked 
|  41|0x00000000a2900000, 0x00000000a2a00000, 0x00000000a2a00000|100%|HS|  |TAMS 0x00000000a2a00000, 0x00000000a2900000| Complete 
|  42|0x00000000a2a00000, 0x00000000a2b00000, 0x00000000a2b00000|100%|HC|  |TAMS 0x00000000a2b00000, 0x00000000a2a00000| Complete 
|  43|0x00000000a2b00000, 0x00000000a2c00000, 0x00000000a2c00000|100%| O|  |TAMS 0x00000000a2c00000, 0x00000000a2b00000| Untracked 
|  44|0x00000000a2c00000, 0x00000000a2d00000, 0x00000000a2d00000|100%| O|  |TAMS 0x00000000a2d00000, 0x00000000a2c00000| Untracked 
|  45|0x00000000a2d00000, 0x00000000a2e00000, 0x00000000a2e00000|100%| O|  |TAMS 0x00000000a2e00000, 0x00000000a2d00000| Untracked 
|  46|0x00000000a2e00000, 0x00000000a2f00000, 0x00000000a2f00000|100%| O|  |TAMS 0x00000000a2f00000, 0x00000000a2e00000| Untracked 
|  47|0x00000000a2f00000, 0x00000000a3000000, 0x00000000a3000000|100%| O|  |TAMS 0x00000000a3000000, 0x00000000a2f00000| Untracked 
|  48|0x00000000a3000000, 0x00000000a3100000, 0x00000000a3100000|100%| O|  |TAMS 0x00000000a3100000, 0x00000000a3000000| Untracked 
|  49|0x00000000a3100000, 0x00000000a3200000, 0x00000000a3200000|100%| O|  |TAMS 0x00000000a3200000, 0x00000000a3100000| Untracked 
|  50|0x00000000a3200000, 0x00000000a3300000, 0x00000000a3300000|100%| O|  |TAMS 0x00000000a3300000, 0x00000000a3200000| Untracked 
|  51|0x00000000a3300000, 0x00000000a3400000, 0x00000000a3400000|100%| O|  |TAMS 0x00000000a3400000, 0x00000000a3300000| Untracked 
|  52|0x00000000a3400000, 0x00000000a3500000, 0x00000000a3500000|100%| O|  |TAMS 0x00000000a3500000, 0x00000000a3400000| Untracked 
|  53|0x00000000a3500000, 0x00000000a3600000, 0x00000000a3600000|100%| O|  |TAMS 0x00000000a3600000, 0x00000000a3500000| Untracked 
|  54|0x00000000a3600000, 0x00000000a3700000, 0x00000000a3700000|100%| O|  |TAMS 0x00000000a3700000, 0x00000000a3600000| Untracked 
|  55|0x00000000a3700000, 0x00000000a3800000, 0x00000000a3800000|100%| O|  |TAMS 0x00000000a3800000, 0x00000000a3700000| Untracked 
|  56|0x00000000a3800000, 0x00000000a3900000, 0x00000000a3900000|100%| O|  |TAMS 0x00000000a3900000, 0x00000000a3800000| Untracked 
|  57|0x00000000a3900000, 0x00000000a3a00000, 0x00000000a3a00000|100%| O|  |TAMS 0x00000000a3a00000, 0x00000000a3900000| Untracked 
|  58|0x00000000a3a00000, 0x00000000a3b00000, 0x00000000a3b00000|100%| O|  |TAMS 0x00000000a3b00000, 0x00000000a3a00000| Untracked 
|  59|0x00000000a3b00000, 0x00000000a3c00000, 0x00000000a3c00000|100%| O|  |TAMS 0x00000000a3c00000, 0x00000000a3b00000| Untracked 
|  60|0x00000000a3c00000, 0x00000000a3d00000, 0x00000000a3d00000|100%| O|  |TAMS 0x00000000a3d00000, 0x00000000a3c00000| Untracked 
|  61|0x00000000a3d00000, 0x00000000a3e00000, 0x00000000a3e00000|100%| O|  |TAMS 0x00000000a3e00000, 0x00000000a3d00000| Untracked 
|  62|0x00000000a3e00000, 0x00000000a3f00000, 0x00000000a3f00000|100%| O|  |TAMS 0x00000000a3f00000, 0x00000000a3e00000| Untracked 
|  63|0x00000000a3f00000, 0x00000000a4000000, 0x00000000a4000000|100%| O|  |TAMS 0x00000000a4000000, 0x00000000a3f00000| Untracked 
|  64|0x00000000a4000000, 0x00000000a4100000, 0x00000000a4100000|100%| O|  |TAMS 0x00000000a4100000, 0x00000000a4000000| Untracked 
|  65|0x00000000a4100000, 0x00000000a4200000, 0x00000000a4200000|100%| O|  |TAMS 0x00000000a4200000, 0x00000000a4100000| Untracked 
|  66|0x00000000a4200000, 0x00000000a4300000, 0x00000000a4300000|100%| O|  |TAMS 0x00000000a4300000, 0x00000000a4200000| Untracked 
|  67|0x00000000a4300000, 0x00000000a4400000, 0x00000000a4400000|100%| O|  |TAMS 0x00000000a4400000, 0x00000000a4300000| Untracked 
|  68|0x00000000a4400000, 0x00000000a4500000, 0x00000000a4500000|100%| O|  |TAMS 0x00000000a4500000, 0x00000000a4400000| Untracked 
|  69|0x00000000a4500000, 0x00000000a4600000, 0x00000000a4600000|100%| O|  |TAMS 0x00000000a4600000, 0x00000000a4500000| Untracked 
|  70|0x00000000a4600000, 0x00000000a4700000, 0x00000000a4700000|100%| O|  |TAMS 0x00000000a4700000, 0x00000000a4600000| Untracked 
|  71|0x00000000a4700000, 0x00000000a4800000, 0x00000000a4800000|100%| O|  |TAMS 0x00000000a4800000, 0x00000000a4700000| Untracked 
|  72|0x00000000a4800000, 0x00000000a4900000, 0x00000000a4900000|100%| O|  |TAMS 0x00000000a4900000, 0x00000000a4800000| Untracked 
|  73|0x00000000a4900000, 0x00000000a4a00000, 0x00000000a4a00000|100%| O|  |TAMS 0x00000000a4920a00, 0x00000000a4900000| Untracked 
|  74|0x00000000a4a00000, 0x00000000a4a61a00, 0x00000000a4b00000| 38%| O|  |TAMS 0x00000000a4a00000, 0x00000000a4a00000| Untracked 
|  75|0x00000000a4b00000, 0x00000000a4b00000, 0x00000000a4c00000|  0%| F|  |TAMS 0x00000000a4b00000, 0x00000000a4b00000| Untracked 
|  76|0x00000000a4c00000, 0x00000000a4c00000, 0x00000000a4d00000|  0%| F|  |TAMS 0x00000000a4c00000, 0x00000000a4c00000| Untracked 
|  77|0x00000000a4d00000, 0x00000000a4d00000, 0x00000000a4e00000|  0%| F|  |TAMS 0x00000000a4d00000, 0x00000000a4d00000| Untracked 
|  78|0x00000000a4e00000, 0x00000000a4e00000, 0x00000000a4f00000|  0%| F|  |TAMS 0x00000000a4e00000, 0x00000000a4e00000| Untracked 
|  79|0x00000000a4f00000, 0x00000000a4f00000, 0x00000000a5000000|  0%| F|  |TAMS 0x00000000a4f00000, 0x00000000a4f00000| Untracked 
|  80|0x00000000a5000000, 0x00000000a5000000, 0x00000000a5100000|  0%| F|  |TAMS 0x00000000a5000000, 0x00000000a5000000| Untracked 
|  81|0x00000000a5100000, 0x00000000a5100000, 0x00000000a5200000|  0%| F|  |TAMS 0x00000000a5100000, 0x00000000a5100000| Untracked 
|  82|0x00000000a5200000, 0x00000000a5200000, 0x00000000a5300000|  0%| F|  |TAMS 0x00000000a5200000, 0x00000000a5200000| Untracked 
|  83|0x00000000a5300000, 0x00000000a5300000, 0x00000000a5400000|  0%| F|  |TAMS 0x00000000a5300000, 0x00000000a5300000| Untracked 
|  84|0x00000000a5400000, 0x00000000a5500000, 0x00000000a5500000|100%| O|  |TAMS 0x00000000a5500000, 0x00000000a5400000| Untracked 
|  85|0x00000000a5500000, 0x00000000a5600000, 0x00000000a5600000|100%| O|  |TAMS 0x00000000a5600000, 0x00000000a5500000| Untracked 
|  86|0x00000000a5600000, 0x00000000a5600000, 0x00000000a5700000|  0%| F|  |TAMS 0x00000000a5600000, 0x00000000a5600000| Untracked 
|  87|0x00000000a5700000, 0x00000000a5700000, 0x00000000a5800000|  0%| F|  |TAMS 0x00000000a5700000, 0x00000000a5700000| Untracked 
|  88|0x00000000a5800000, 0x00000000a5800000, 0x00000000a5900000|  0%| F|  |TAMS 0x00000000a5800000, 0x00000000a5800000| Untracked 
|  89|0x00000000a5900000, 0x00000000a5a00000, 0x00000000a5a00000|100%| O|  |TAMS 0x00000000a5a00000, 0x00000000a5900000| Untracked 
|  90|0x00000000a5a00000, 0x00000000a5b00000, 0x00000000a5b00000|100%| O|  |TAMS 0x00000000a5b00000, 0x00000000a5a00000| Untracked 
|  91|0x00000000a5b00000, 0x00000000a5c00000, 0x00000000a5c00000|100%| O|  |TAMS 0x00000000a5c00000, 0x00000000a5b00000| Untracked 
|  92|0x00000000a5c00000, 0x00000000a5d00000, 0x00000000a5d00000|100%| O|  |TAMS 0x00000000a5d00000, 0x00000000a5c00000| Untracked 
|  93|0x00000000a5d00000, 0x00000000a5e00000, 0x00000000a5e00000|100%| O|  |TAMS 0x00000000a5e00000, 0x00000000a5d00000| Untracked 
|  94|0x00000000a5e00000, 0x00000000a5e00000, 0x00000000a5f00000|  0%| F|  |TAMS 0x00000000a5e00000, 0x00000000a5e00000| Untracked 
|  95|0x00000000a5f00000, 0x00000000a5f00000, 0x00000000a6000000|  0%| F|  |TAMS 0x00000000a5f00000, 0x00000000a5f00000| Untracked 
|  96|0x00000000a6000000, 0x00000000a6000000, 0x00000000a6100000|  0%| F|  |TAMS 0x00000000a6000000, 0x00000000a6000000| Untracked 
|  97|0x00000000a6100000, 0x00000000a6100000, 0x00000000a6200000|  0%| F|  |TAMS 0x00000000a6100000, 0x00000000a6100000| Untracked 
|  98|0x00000000a6200000, 0x00000000a6200000, 0x00000000a6300000|  0%| F|  |TAMS 0x00000000a6200000, 0x00000000a6200000| Untracked 
|  99|0x00000000a6300000, 0x00000000a6300000, 0x00000000a6400000|  0%| F|  |TAMS 0x00000000a6300000, 0x00000000a6300000| Untracked 
| 100|0x00000000a6400000, 0x00000000a6400000, 0x00000000a6500000|  0%| F|  |TAMS 0x00000000a6400000, 0x00000000a6400000| Untracked 
| 101|0x00000000a6500000, 0x00000000a6500000, 0x00000000a6600000|  0%| F|  |TAMS 0x00000000a6500000, 0x00000000a6500000| Untracked 
| 102|0x00000000a6600000, 0x00000000a6600000, 0x00000000a6700000|  0%| F|  |TAMS 0x00000000a6600000, 0x00000000a6600000| Untracked 
| 103|0x00000000a6700000, 0x00000000a6700000, 0x00000000a6800000|  0%| F|  |TAMS 0x00000000a6700000, 0x00000000a6700000| Untracked 
| 104|0x00000000a6800000, 0x00000000a6800000, 0x00000000a6900000|  0%| F|  |TAMS 0x00000000a6800000, 0x00000000a6800000| Untracked 
| 105|0x00000000a6900000, 0x00000000a6900000, 0x00000000a6a00000|  0%| F|  |TAMS 0x00000000a6900000, 0x00000000a6900000| Untracked 
| 106|0x00000000a6a00000, 0x00000000a6a00000, 0x00000000a6b00000|  0%| F|  |TAMS 0x00000000a6a00000, 0x00000000a6a00000| Untracked 
| 107|0x00000000a6b00000, 0x00000000a6b00000, 0x00000000a6c00000|  0%| F|  |TAMS 0x00000000a6b00000, 0x00000000a6b00000| Untracked 
| 108|0x00000000a6c00000, 0x00000000a6c00000, 0x00000000a6d00000|  0%| F|  |TAMS 0x00000000a6c00000, 0x00000000a6c00000| Untracked 
| 109|0x00000000a6d00000, 0x00000000a6d00000, 0x00000000a6e00000|  0%| F|  |TAMS 0x00000000a6d00000, 0x00000000a6d00000| Untracked 
| 110|0x00000000a6e00000, 0x00000000a6e9ad40, 0x00000000a6f00000| 60%| S|CS|TAMS 0x00000000a6e00000, 0x00000000a6e00000| Complete 
| 111|0x00000000a6f00000, 0x00000000a7000000, 0x00000000a7000000|100%| S|CS|TAMS 0x00000000a6f00000, 0x00000000a6f00000| Complete 
| 112|0x00000000a7000000, 0x00000000a7100000, 0x00000000a7100000|100%| S|CS|TAMS 0x00000000a7000000, 0x00000000a7000000| Complete 
| 113|0x00000000a7100000, 0x00000000a7200000, 0x00000000a7200000|100%| O|  |TAMS 0x00000000a7200000, 0x00000000a7100000| Untracked 
| 114|0x00000000a7200000, 0x00000000a7300000, 0x00000000a7300000|100%| S|CS|TAMS 0x00000000a7200000, 0x00000000a7200000| Complete 
| 115|0x00000000a7300000, 0x00000000a7400000, 0x00000000a7400000|100%| S|CS|TAMS 0x00000000a7300000, 0x00000000a7300000| Complete 
| 116|0x00000000a7400000, 0x00000000a7500000, 0x00000000a7500000|100%| S|CS|TAMS 0x00000000a7400000, 0x00000000a7400000| Complete 
| 117|0x00000000a7500000, 0x00000000a7500000, 0x00000000a7600000|  0%| F|  |TAMS 0x00000000a7500000, 0x00000000a7500000| Untracked 
| 118|0x00000000a7600000, 0x00000000a7600000, 0x00000000a7700000|  0%| F|  |TAMS 0x00000000a7600000, 0x00000000a7600000| Untracked 
| 119|0x00000000a7700000, 0x00000000a7800000, 0x00000000a7800000|100%| S|CS|TAMS 0x00000000a7700000, 0x00000000a7700000| Complete 
| 120|0x00000000a7800000, 0x00000000a7900000, 0x00000000a7900000|100%| S|CS|TAMS 0x00000000a7800000, 0x00000000a7800000| Complete 
| 121|0x00000000a7900000, 0x00000000a7900000, 0x00000000a7a00000|  0%| F|  |TAMS 0x00000000a7900000, 0x00000000a7900000| Untracked 
| 122|0x00000000a7a00000, 0x00000000a7a00000, 0x00000000a7b00000|  0%| F|  |TAMS 0x00000000a7a00000, 0x00000000a7a00000| Untracked 
| 123|0x00000000a7b00000, 0x00000000a7b00000, 0x00000000a7c00000|  0%| F|  |TAMS 0x00000000a7b00000, 0x00000000a7b00000| Untracked 
| 124|0x00000000a7c00000, 0x00000000a7c00000, 0x00000000a7d00000|  0%| F|  |TAMS 0x00000000a7c00000, 0x00000000a7c00000| Untracked 
| 125|0x00000000a7d00000, 0x00000000a7d00000, 0x00000000a7e00000|  0%| F|  |TAMS 0x00000000a7d00000, 0x00000000a7d00000| Untracked 
| 126|0x00000000a7e00000, 0x00000000a7e00000, 0x00000000a7f00000|  0%| F|  |TAMS 0x00000000a7e00000, 0x00000000a7e00000| Untracked 
| 127|0x00000000a7f00000, 0x00000000a7f00000, 0x00000000a8000000|  0%| F|  |TAMS 0x00000000a7f00000, 0x00000000a7f00000| Untracked 
| 128|0x00000000a8000000, 0x00000000a8000000, 0x00000000a8100000|  0%| F|  |TAMS 0x00000000a8000000, 0x00000000a8000000| Untracked 
| 129|0x00000000a8100000, 0x00000000a8100000, 0x00000000a8200000|  0%| F|  |TAMS 0x00000000a8100000, 0x00000000a8100000| Untracked 
| 130|0x00000000a8200000, 0x00000000a8200000, 0x00000000a8300000|  0%| F|  |TAMS 0x00000000a8200000, 0x00000000a8200000| Untracked 
| 131|0x00000000a8300000, 0x00000000a8300000, 0x00000000a8400000|  0%| F|  |TAMS 0x00000000a8300000, 0x00000000a8300000| Untracked 
| 132|0x00000000a8400000, 0x00000000a8400000, 0x00000000a8500000|  0%| F|  |TAMS 0x00000000a8400000, 0x00000000a8400000| Untracked 
| 133|0x00000000a8500000, 0x00000000a8500000, 0x00000000a8600000|  0%| F|  |TAMS 0x00000000a8500000, 0x00000000a8500000| Untracked 
| 134|0x00000000a8600000, 0x00000000a8600000, 0x00000000a8700000|  0%| F|  |TAMS 0x00000000a8600000, 0x00000000a8600000| Untracked 
| 135|0x00000000a8700000, 0x00000000a8700000, 0x00000000a8800000|  0%| F|  |TAMS 0x00000000a8700000, 0x00000000a8700000| Untracked 
| 136|0x00000000a8800000, 0x00000000a8800000, 0x00000000a8900000|  0%| F|  |TAMS 0x00000000a8800000, 0x00000000a8800000| Untracked 
| 137|0x00000000a8900000, 0x00000000a8900000, 0x00000000a8a00000|  0%| F|  |TAMS 0x00000000a8900000, 0x00000000a8900000| Untracked 
| 138|0x00000000a8a00000, 0x00000000a8a00000, 0x00000000a8b00000|  0%| F|  |TAMS 0x00000000a8a00000, 0x00000000a8a00000| Untracked 
| 139|0x00000000a8b00000, 0x00000000a8b00000, 0x00000000a8c00000|  0%| F|  |TAMS 0x00000000a8b00000, 0x00000000a8b00000| Untracked 
| 140|0x00000000a8c00000, 0x00000000a8c00000, 0x00000000a8d00000|  0%| F|  |TAMS 0x00000000a8c00000, 0x00000000a8c00000| Untracked 
| 141|0x00000000a8d00000, 0x00000000a8d00000, 0x00000000a8e00000|  0%| F|  |TAMS 0x00000000a8d00000, 0x00000000a8d00000| Untracked 
| 142|0x00000000a8e00000, 0x00000000a8e00000, 0x00000000a8f00000|  0%| F|  |TAMS 0x00000000a8e00000, 0x00000000a8e00000| Untracked 
| 143|0x00000000a8f00000, 0x00000000a8f00000, 0x00000000a9000000|  0%| F|  |TAMS 0x00000000a8f00000, 0x00000000a8f00000| Untracked 
| 144|0x00000000a9000000, 0x00000000a9000000, 0x00000000a9100000|  0%| F|  |TAMS 0x00000000a9000000, 0x00000000a9000000| Untracked 
| 145|0x00000000a9100000, 0x00000000a9100000, 0x00000000a9200000|  0%| F|  |TAMS 0x00000000a9100000, 0x00000000a9100000| Untracked 
| 146|0x00000000a9200000, 0x00000000a9200000, 0x00000000a9300000|  0%| F|  |TAMS 0x00000000a9200000, 0x00000000a9200000| Untracked 
| 147|0x00000000a9300000, 0x00000000a9300000, 0x00000000a9400000|  0%| F|  |TAMS 0x00000000a9300000, 0x00000000a9300000| Untracked 
| 148|0x00000000a9400000, 0x00000000a9400000, 0x00000000a9500000|  0%| F|  |TAMS 0x00000000a9400000, 0x00000000a9400000| Untracked 
| 149|0x00000000a9500000, 0x00000000a9500000, 0x00000000a9600000|  0%| F|  |TAMS 0x00000000a9500000, 0x00000000a9500000| Untracked 
| 150|0x00000000a9600000, 0x00000000a9600000, 0x00000000a9700000|  0%| F|  |TAMS 0x00000000a9600000, 0x00000000a9600000| Untracked 
| 151|0x00000000a9700000, 0x00000000a9700000, 0x00000000a9800000|  0%| F|  |TAMS 0x00000000a9700000, 0x00000000a9700000| Untracked 
| 152|0x00000000a9800000, 0x00000000a9800000, 0x00000000a9900000|  0%| F|  |TAMS 0x00000000a9800000, 0x00000000a9800000| Untracked 
| 153|0x00000000a9900000, 0x00000000a9900000, 0x00000000a9a00000|  0%| F|  |TAMS 0x00000000a9900000, 0x00000000a9900000| Untracked 
| 154|0x00000000a9a00000, 0x00000000a9a00000, 0x00000000a9b00000|  0%| F|  |TAMS 0x00000000a9a00000, 0x00000000a9a00000| Untracked 
| 155|0x00000000a9b00000, 0x00000000a9b00000, 0x00000000a9c00000|  0%| F|  |TAMS 0x00000000a9b00000, 0x00000000a9b00000| Untracked 
| 156|0x00000000a9c00000, 0x00000000a9c00000, 0x00000000a9d00000|  0%| F|  |TAMS 0x00000000a9c00000, 0x00000000a9c00000| Untracked 
| 157|0x00000000a9d00000, 0x00000000a9d00000, 0x00000000a9e00000|  0%| F|  |TAMS 0x00000000a9d00000, 0x00000000a9d00000| Untracked 
| 158|0x00000000a9e00000, 0x00000000a9e00000, 0x00000000a9f00000|  0%| F|  |TAMS 0x00000000a9e00000, 0x00000000a9e00000| Untracked 
| 159|0x00000000a9f00000, 0x00000000a9f00000, 0x00000000aa000000|  0%| F|  |TAMS 0x00000000a9f00000, 0x00000000a9f00000| Untracked 
| 160|0x00000000aa000000, 0x00000000aa000000, 0x00000000aa100000|  0%| F|  |TAMS 0x00000000aa000000, 0x00000000aa000000| Untracked 
| 161|0x00000000aa100000, 0x00000000aa100000, 0x00000000aa200000|  0%| F|  |TAMS 0x00000000aa100000, 0x00000000aa100000| Untracked 
| 162|0x00000000aa200000, 0x00000000aa200000, 0x00000000aa300000|  0%| F|  |TAMS 0x00000000aa200000, 0x00000000aa200000| Untracked 
| 163|0x00000000aa300000, 0x00000000aa300000, 0x00000000aa400000|  0%| F|  |TAMS 0x00000000aa300000, 0x00000000aa300000| Untracked 
| 164|0x00000000aa400000, 0x00000000aa400000, 0x00000000aa500000|  0%| F|  |TAMS 0x00000000aa400000, 0x00000000aa400000| Untracked 
| 165|0x00000000aa500000, 0x00000000aa500000, 0x00000000aa600000|  0%| F|  |TAMS 0x00000000aa500000, 0x00000000aa500000| Untracked 
| 166|0x00000000aa600000, 0x00000000aa600000, 0x00000000aa700000|  0%| F|  |TAMS 0x00000000aa600000, 0x00000000aa600000| Untracked 
| 167|0x00000000aa700000, 0x00000000aa700000, 0x00000000aa800000|  0%| F|  |TAMS 0x00000000aa700000, 0x00000000aa700000| Untracked 
| 168|0x00000000aa800000, 0x00000000aa800000, 0x00000000aa900000|  0%| F|  |TAMS 0x00000000aa800000, 0x00000000aa800000| Untracked 
| 169|0x00000000aa900000, 0x00000000aa900000, 0x00000000aaa00000|  0%| F|  |TAMS 0x00000000aa900000, 0x00000000aa900000| Untracked 
| 170|0x00000000aaa00000, 0x00000000aaa00000, 0x00000000aab00000|  0%| F|  |TAMS 0x00000000aaa00000, 0x00000000aaa00000| Untracked 
| 171|0x00000000aab00000, 0x00000000aab00000, 0x00000000aac00000|  0%| F|  |TAMS 0x00000000aab00000, 0x00000000aab00000| Untracked 
| 172|0x00000000aac00000, 0x00000000aac00000, 0x00000000aad00000|  0%| F|  |TAMS 0x00000000aac00000, 0x00000000aac00000| Untracked 
| 173|0x00000000aad00000, 0x00000000aad00000, 0x00000000aae00000|  0%| F|  |TAMS 0x00000000aad00000, 0x00000000aad00000| Untracked 
| 174|0x00000000aae00000, 0x00000000aae00000, 0x00000000aaf00000|  0%| F|  |TAMS 0x00000000aae00000, 0x00000000aae00000| Untracked 
| 175|0x00000000aaf00000, 0x00000000aaf00000, 0x00000000ab000000|  0%| F|  |TAMS 0x00000000aaf00000, 0x00000000aaf00000| Untracked 
| 176|0x00000000ab000000, 0x00000000ab000000, 0x00000000ab100000|  0%| F|  |TAMS 0x00000000ab000000, 0x00000000ab000000| Untracked 
| 177|0x00000000ab100000, 0x00000000ab100000, 0x00000000ab200000|  0%| F|  |TAMS 0x00000000ab100000, 0x00000000ab100000| Untracked 
| 178|0x00000000ab200000, 0x00000000ab200000, 0x00000000ab300000|  0%| F|  |TAMS 0x00000000ab200000, 0x00000000ab200000| Untracked 
| 179|0x00000000ab300000, 0x00000000ab300000, 0x00000000ab400000|  0%| F|  |TAMS 0x00000000ab300000, 0x00000000ab300000| Untracked 
| 180|0x00000000ab400000, 0x00000000ab400000, 0x00000000ab500000|  0%| F|  |TAMS 0x00000000ab400000, 0x00000000ab400000| Untracked 
| 181|0x00000000ab500000, 0x00000000ab500000, 0x00000000ab600000|  0%| F|  |TAMS 0x00000000ab500000, 0x00000000ab500000| Untracked 
| 182|0x00000000ab600000, 0x00000000ab600000, 0x00000000ab700000|  0%| F|  |TAMS 0x00000000ab600000, 0x00000000ab600000| Untracked 
| 183|0x00000000ab700000, 0x00000000ab700000, 0x00000000ab800000|  0%| F|  |TAMS 0x00000000ab700000, 0x00000000ab700000| Untracked 
| 184|0x00000000ab800000, 0x00000000ab800000, 0x00000000ab900000|  0%| F|  |TAMS 0x00000000ab800000, 0x00000000ab800000| Untracked 
| 185|0x00000000ab900000, 0x00000000ab900000, 0x00000000aba00000|  0%| F|  |TAMS 0x00000000ab900000, 0x00000000ab900000| Untracked 
| 186|0x00000000aba00000, 0x00000000aba00000, 0x00000000abb00000|  0%| F|  |TAMS 0x00000000aba00000, 0x00000000aba00000| Untracked 
| 187|0x00000000abb00000, 0x00000000abb00000, 0x00000000abc00000|  0%| F|  |TAMS 0x00000000abb00000, 0x00000000abb00000| Untracked 
| 188|0x00000000abc00000, 0x00000000abc00000, 0x00000000abd00000|  0%| F|  |TAMS 0x00000000abc00000, 0x00000000abc00000| Untracked 
| 189|0x00000000abd00000, 0x00000000abd00000, 0x00000000abe00000|  0%| F|  |TAMS 0x00000000abd00000, 0x00000000abd00000| Untracked 
| 190|0x00000000abe00000, 0x00000000abe00000, 0x00000000abf00000|  0%| F|  |TAMS 0x00000000abe00000, 0x00000000abe00000| Untracked 
| 191|0x00000000abf00000, 0x00000000abf00000, 0x00000000ac000000|  0%| F|  |TAMS 0x00000000abf00000, 0x00000000abf00000| Untracked 
| 192|0x00000000ac000000, 0x00000000ac000000, 0x00000000ac100000|  0%| F|  |TAMS 0x00000000ac000000, 0x00000000ac000000| Untracked 
| 193|0x00000000ac100000, 0x00000000ac100000, 0x00000000ac200000|  0%| F|  |TAMS 0x00000000ac100000, 0x00000000ac100000| Untracked 
| 194|0x00000000ac200000, 0x00000000ac200000, 0x00000000ac300000|  0%| F|  |TAMS 0x00000000ac200000, 0x00000000ac200000| Untracked 
| 195|0x00000000ac300000, 0x00000000ac300000, 0x00000000ac400000|  0%| F|  |TAMS 0x00000000ac300000, 0x00000000ac300000| Untracked 
| 196|0x00000000ac400000, 0x00000000ac400000, 0x00000000ac500000|  0%| F|  |TAMS 0x00000000ac400000, 0x00000000ac400000| Untracked 
| 197|0x00000000ac500000, 0x00000000ac500000, 0x00000000ac600000|  0%| F|  |TAMS 0x00000000ac500000, 0x00000000ac500000| Untracked 
| 198|0x00000000ac600000, 0x00000000ac600000, 0x00000000ac700000|  0%| F|  |TAMS 0x00000000ac600000, 0x00000000ac600000| Untracked 
| 199|0x00000000ac700000, 0x00000000ac700000, 0x00000000ac800000|  0%| F|  |TAMS 0x00000000ac700000, 0x00000000ac700000| Untracked 
| 200|0x00000000ac800000, 0x00000000ac800000, 0x00000000ac900000|  0%| F|  |TAMS 0x00000000ac800000, 0x00000000ac800000| Untracked 
| 201|0x00000000ac900000, 0x00000000ac900000, 0x00000000aca00000|  0%| F|  |TAMS 0x00000000ac900000, 0x00000000ac900000| Untracked 
| 202|0x00000000aca00000, 0x00000000aca00000, 0x00000000acb00000|  0%| F|  |TAMS 0x00000000aca00000, 0x00000000aca00000| Untracked 
| 203|0x00000000acb00000, 0x00000000acb00000, 0x00000000acc00000|  0%| F|  |TAMS 0x00000000acb00000, 0x00000000acb00000| Untracked 
| 204|0x00000000acc00000, 0x00000000acc00000, 0x00000000acd00000|  0%| F|  |TAMS 0x00000000acc00000, 0x00000000acc00000| Untracked 
| 205|0x00000000acd00000, 0x00000000acd00000, 0x00000000ace00000|  0%| F|  |TAMS 0x00000000acd00000, 0x00000000acd00000| Untracked 
| 206|0x00000000ace00000, 0x00000000ace00000, 0x00000000acf00000|  0%| F|  |TAMS 0x00000000ace00000, 0x00000000ace00000| Untracked 
| 207|0x00000000acf00000, 0x00000000acf00000, 0x00000000ad000000|  0%| F|  |TAMS 0x00000000acf00000, 0x00000000acf00000| Untracked 
| 208|0x00000000ad000000, 0x00000000ad000000, 0x00000000ad100000|  0%| F|  |TAMS 0x00000000ad000000, 0x00000000ad000000| Untracked 
| 209|0x00000000ad100000, 0x00000000ad100000, 0x00000000ad200000|  0%| F|  |TAMS 0x00000000ad100000, 0x00000000ad100000| Untracked 
| 210|0x00000000ad200000, 0x00000000ad200000, 0x00000000ad300000|  0%| F|  |TAMS 0x00000000ad200000, 0x00000000ad200000| Untracked 
| 211|0x00000000ad300000, 0x00000000ad300000, 0x00000000ad400000|  0%| F|  |TAMS 0x00000000ad300000, 0x00000000ad300000| Untracked 
| 212|0x00000000ad400000, 0x00000000ad400000, 0x00000000ad500000|  0%| F|  |TAMS 0x00000000ad400000, 0x00000000ad400000| Untracked 
| 213|0x00000000ad500000, 0x00000000ad500000, 0x00000000ad600000|  0%| F|  |TAMS 0x00000000ad500000, 0x00000000ad500000| Untracked 
| 214|0x00000000ad600000, 0x00000000ad600000, 0x00000000ad700000|  0%| F|  |TAMS 0x00000000ad600000, 0x00000000ad600000| Untracked 
| 215|0x00000000ad700000, 0x00000000ad700000, 0x00000000ad800000|  0%| F|  |TAMS 0x00000000ad700000, 0x00000000ad700000| Untracked 
| 216|0x00000000ad800000, 0x00000000ad800000, 0x00000000ad900000|  0%| F|  |TAMS 0x00000000ad800000, 0x00000000ad800000| Untracked 
| 217|0x00000000ad900000, 0x00000000ad900000, 0x00000000ada00000|  0%| F|  |TAMS 0x00000000ad900000, 0x00000000ad900000| Untracked 
| 218|0x00000000ada00000, 0x00000000ada00000, 0x00000000adb00000|  0%| F|  |TAMS 0x00000000ada00000, 0x00000000ada00000| Untracked 
| 219|0x00000000adb00000, 0x00000000adb00000, 0x00000000adc00000|  0%| F|  |TAMS 0x00000000adb00000, 0x00000000adb00000| Untracked 
| 220|0x00000000adc00000, 0x00000000adc00000, 0x00000000add00000|  0%| F|  |TAMS 0x00000000adc00000, 0x00000000adc00000| Untracked 
| 221|0x00000000add00000, 0x00000000add00000, 0x00000000ade00000|  0%| F|  |TAMS 0x00000000add00000, 0x00000000add00000| Untracked 
| 222|0x00000000ade00000, 0x00000000ade00000, 0x00000000adf00000|  0%| F|  |TAMS 0x00000000ade00000, 0x00000000ade00000| Untracked 
| 223|0x00000000adf00000, 0x00000000adf00000, 0x00000000ae000000|  0%| F|  |TAMS 0x00000000adf00000, 0x00000000adf00000| Untracked 
| 224|0x00000000ae000000, 0x00000000ae000000, 0x00000000ae100000|  0%| F|  |TAMS 0x00000000ae000000, 0x00000000ae000000| Untracked 
| 225|0x00000000ae100000, 0x00000000ae100000, 0x00000000ae200000|  0%| F|  |TAMS 0x00000000ae100000, 0x00000000ae100000| Untracked 
| 226|0x00000000ae200000, 0x00000000ae200000, 0x00000000ae300000|  0%| F|  |TAMS 0x00000000ae200000, 0x00000000ae200000| Untracked 
| 227|0x00000000ae300000, 0x00000000ae300000, 0x00000000ae400000|  0%| F|  |TAMS 0x00000000ae300000, 0x00000000ae300000| Untracked 
| 228|0x00000000ae400000, 0x00000000ae400000, 0x00000000ae500000|  0%| F|  |TAMS 0x00000000ae400000, 0x00000000ae400000| Untracked 
| 229|0x00000000ae500000, 0x00000000ae500000, 0x00000000ae600000|  0%| F|  |TAMS 0x00000000ae500000, 0x00000000ae500000| Untracked 
| 230|0x00000000ae600000, 0x00000000ae600000, 0x00000000ae700000|  0%| F|  |TAMS 0x00000000ae600000, 0x00000000ae600000| Untracked 
| 231|0x00000000ae700000, 0x00000000ae700000, 0x00000000ae800000|  0%| F|  |TAMS 0x00000000ae700000, 0x00000000ae700000| Untracked 
| 232|0x00000000ae800000, 0x00000000ae800000, 0x00000000ae900000|  0%| F|  |TAMS 0x00000000ae800000, 0x00000000ae800000| Untracked 
| 233|0x00000000ae900000, 0x00000000ae900000, 0x00000000aea00000|  0%| F|  |TAMS 0x00000000ae900000, 0x00000000ae900000| Untracked 
| 234|0x00000000aea00000, 0x00000000aea00000, 0x00000000aeb00000|  0%| F|  |TAMS 0x00000000aea00000, 0x00000000aea00000| Untracked 
| 235|0x00000000aeb00000, 0x00000000aeb00000, 0x00000000aec00000|  0%| F|  |TAMS 0x00000000aeb00000, 0x00000000aeb00000| Untracked 
| 236|0x00000000aec00000, 0x00000000aec00000, 0x00000000aed00000|  0%| F|  |TAMS 0x00000000aec00000, 0x00000000aec00000| Untracked 
| 237|0x00000000aed00000, 0x00000000aed00000, 0x00000000aee00000|  0%| F|  |TAMS 0x00000000aed00000, 0x00000000aed00000| Untracked 
| 238|0x00000000aee00000, 0x00000000aee00000, 0x00000000aef00000|  0%| F|  |TAMS 0x00000000aee00000, 0x00000000aee00000| Untracked 
|1534|0x00000000ffe00000, 0x00000000ffe35000, 0x00000000fff00000| 20%|OA|  |TAMS 0x00000000ffe35000, 0x00000000ffe00000| Untracked 
|1535|0x00000000fff00000, 0x00000000fff6a000, 0x0000000100000000| 41%|CA|  |TAMS 0x00000000fff6a000, 0x00000000fff00000| Untracked 

Card table byte_map: [0x00007f84fdb1c000,0x00007f84fde1c000] _byte_map_base: 0x00007f84fd61c000

Marking Bits (Prev, Next): (CMBitMap*) 0x00007f84f80495b8, (CMBitMap*) 0x00007f84f80495f0
 Prev Bits: [0x00007f84fc01c000, 0x00007f84fd81c000)
 Next Bits: [0x00007f84da800000, 0x00007f84dc000000)

Polling page: 0x00007f8502a46000

Metaspace:

Usage:
  Non-class:     82.82 MB capacity,    79.96 MB ( 97%) used,     2.14 MB (  3%) free+waste,   738.75 KB ( <1%) overhead. 
      Class:     17.40 MB capacity,    14.07 MB ( 81%) used,     2.91 MB ( 17%) free+waste,   426.94 KB (  2%) overhead. 
       Both:    100.22 MB capacity,    94.03 MB ( 94%) used,     5.05 MB (  5%) free+waste,     1.14 MB (  1%) overhead. 

Virtual space:
  Non-class space:       84.00 MB reserved,      82.92 MB ( 99%) committed 
      Class space:        1.00 GB reserved,      17.50 MB (  2%) committed 
             Both:        1.08 GB reserved,     100.42 MB (  9%) committed 

Chunk freelists:
   Non-Class:  5.00 KB
       Class:  0 bytes
        Both:  5.00 KB

CodeHeap 'non-profiled nmethods': size=120032Kb used=8279Kb max_used=8700Kb free=111752Kb
 bounds [0x00007f84e8446000, 0x00007f84e8cd6000, 0x00007f84ef97e000]
CodeHeap 'profiled nmethods': size=120028Kb used=27127Kb max_used=28745Kb free=92901Kb
 bounds [0x00007f84e0f0f000, 0x00007f84e2b2f000, 0x00007f84e8446000]
CodeHeap 'non-nmethods': size=5700Kb used=1369Kb max_used=1425Kb free=4330Kb
 bounds [0x00007f84e097e000, 0x00007f84e0bee000, 0x00007f84e0f0f000]
 total_blobs=18704 nmethods=13355 adapters=652
 compilation: enabled
              stopped_count=0, restarted_count=0
 full_count=0

Compilation events (10 events):
Event: 281.175 Thread 0x00007f84f817e800 14886       4       java.util.Collections$UnmodifiableMap::hashCode (10 bytes)
Event: 281.237 Thread 0x00007f84f817e800 nmethod 14886 0x00007f84e8596510 code [0x00007f84e85966c0, 0x00007f84e8596788]
Event: 281.361 Thread 0x00007f84f8180800 14915   !   3       java.io.BufferedWriter::write (117 bytes)
Event: 281.362 Thread 0x00007f84f817e800 14918   !   4       java.io.PrintWriter::write (58 bytes)
Event: 281.458 Thread 0x00007f84f8180800 nmethod 14915 0x00007f84e1244090 code [0x00007f84e12442a0, 0x00007f84e12449e8]
Event: 281.458 Thread 0x00007f84f8180800 14916 %     3       org.apache.ivy.util.XMLHelper::escape @ 25 (135 bytes)
Event: 282.460 Thread 0x00007f84f8180800 nmethod 14916% 0x00007f84e1289390 code [0x00007f84e12896a0, 0x00007f84e128ae48]
Event: 282.461 Thread 0x00007f84f8180800 14943 %     3       java.util.LinkedList::node @ 17 (65 bytes)
Event: 282.461 Thread 0x00007f84f8180800 nmethod 14943% 0x00007f84e11a9710 code [0x00007f84e11a98e0, 0x00007f84e11a9c70]
Event: 282.498 Thread 0x00007f84f8180800 14920       3       java.text.DateFormatSymbols::initializeData (317 bytes)

GC Heap History (10 events):
Event: 46.257 GC heap after
{Heap after GC invocations=74 (full 2):
 garbage-first heap   total 246784K, used 88082K [0x00000000a0000000, 0x0000000100000000)
  region size 1024K, 5 young (5120K), 5 survivors (5120K)
 Metaspace       used 95810K, capacity 102101K, committed 102448K, reserved 1134592K
  class space    used 14340K, capacity 17745K, committed 17792K, reserved 1048576K
}
Event: 46.508 GC heap before
{Heap before GC invocations=75 (full 2):
 garbage-first heap   total 246784K, used 186386K [0x00000000a0000000, 0x0000000100000000)
  region size 1024K, 101 young (103424K), 5 survivors (5120K)
 Metaspace       used 95811K, capacity 102101K, committed 102448K, reserved 1134592K
  class space    used 14340K, capacity 17745K, committed 17792K, reserved 1048576K
}
Event: 46.513 GC heap after
{Heap after GC invocations=76 (full 2):
 garbage-first heap   total 246784K, used 88470K [0x00000000a0000000, 0x0000000100000000)
  region size 1024K, 6 young (6144K), 6 survivors (6144K)
 Metaspace       used 95811K, capacity 102101K, committed 102448K, reserved 1134592K
  class space    used 14340K, capacity 17745K, committed 17792K, reserved 1048576K
}
Event: 46.938 GC heap before
{Heap before GC invocations=76 (full 2):
 garbage-first heap   total 246784K, used 193942K [0x00000000a0000000, 0x0000000100000000)
  region size 1024K, 109 young (111616K), 6 survivors (6144K)
 Metaspace       used 95811K, capacity 102101K, committed 102448K, reserved 1134592K
  class space    used 14340K, capacity 17745K, committed 17792K, reserved 1048576K
}
Event: 46.942 GC heap after
{Heap after GC invocations=77 (full 2):
 garbage-first heap   total 246784K, used 89485K [0x00000000a0000000, 0x0000000100000000)
  region size 1024K, 7 young (7168K), 7 survivors (7168K)
 Metaspace       used 95811K, capacity 102101K, committed 102448K, reserved 1134592K
  class space    used 14340K, capacity 17745K, committed 17792K, reserved 1048576K
}
Event: 47.260 GC heap before
{Heap before GC invocations=77 (full 2):
 garbage-first heap   total 246784K, used 207245K [0x00000000a0000000, 0x0000000100000000)
  region size 1024K, 122 young (124928K), 7 survivors (7168K)
 Metaspace       used 95811K, capacity 102101K, committed 102448K, reserved 1134592K
  class space    used 14340K, capacity 17745K, committed 17792K, reserved 1048576K
}
Event: 47.264 GC heap after
{Heap after GC invocations=78 (full 2):
 garbage-first heap   total 246784K, used 89616K [0x00000000a0000000, 0x0000000100000000)
  region size 1024K, 6 young (6144K), 6 survivors (6144K)
 Metaspace       used 95811K, capacity 102101K, committed 102448K, reserved 1134592K
  class space    used 14340K, capacity 17745K, committed 17792K, reserved 1048576K
}
Event: 52.160 GC heap before
{Heap before GC invocations=78 (full 2):
 garbage-first heap   total 246784K, used 212496K [0x00000000a0000000, 0x0000000100000000)
  region size 1024K, 126 young (129024K), 6 survivors (6144K)
 Metaspace       used 95815K, capacity 102101K, committed 102448K, reserved 1134592K
  class space    used 14340K, capacity 17745K, committed 17792K, reserved 1048576K
}
Event: 52.524 GC heap after
{Heap after GC invocations=79 (full 2):
 garbage-first heap   total 246784K, used 90757K [0x00000000a0000000, 0x0000000100000000)
  region size 1024K, 7 young (7168K), 7 survivors (7168K)
 Metaspace       used 95815K, capacity 102101K, committed 102448K, reserved 1134592K
  class space    used 14340K, capacity 17745K, committed 17792K, reserved 1048576K
}
Event: 282.793 GC heap before
{Heap before GC invocations=79 (full 2):
 garbage-first heap   total 246784K, used 210565K [0x00000000a0000000, 0x0000000100000000)
  region size 1024K, 125 young (128000K), 7 survivors (7168K)
 Metaspace       used 96289K, capacity 102629K, committed 102832K, reserved 1134592K
  class space    used 14409K, capacity 17818K, committed 17920K, reserved 1048576K
}

Deoptimization events (10 events):
Event: 157.498 Thread 0x00007f8478383000 Uncommon trap: reason=unstable_if action=reinterpret pc=0x00007f84e8a7b65c method=com.sun.org.apache.xerces.internal.impl.XMLScanner.scanAttributeValue(Lcom/sun/org/apache/xerces/internal/xni/XMLString;Lcom/sun/org/apache/xerces/internal/xni/XMLString;Lja
Event: 157.921 Thread 0x00007f8478490000 Uncommon trap: reason=unstable_if action=reinterpret pc=0x00007f84e85877c0 method=java.util.WeakHashMap.remove(Ljava/lang/Object;)Ljava/lang/Object; @ 94 c2
Event: 164.743 Thread 0x00007f84fa21b800 Uncommon trap: reason=unstable_if action=reinterpret pc=0x00007f84e8bfa6bc method=sbt.internal.util.ConsoleAppender$.toLevel(Lorg/apache/logging/log4j/Level;)Lscala/Enumeration$Value; @ 186 c2
Event: 164.866 Thread 0x00007f84fa21b800 Uncommon trap: reason=class_check action=maybe_recompile pc=0x00007f84e853d234 method=sun.nio.cs.StreamEncoder.writeBytes()V @ 120 c2
Event: 164.897 Thread 0x00007f84fa21b800 Uncommon trap: reason=class_check action=maybe_recompile pc=0x00007f84e853d234 method=sun.nio.cs.StreamEncoder.writeBytes()V @ 120 c2
Event: 188.564 Thread 0x00007f8478383000 Uncommon trap: reason=null_check action=make_not_entrant pc=0x00007f84e8b1e048 method=org.apache.ivy.core.IvyContext.peekIvy()Lorg/apache/ivy/Ivy; @ 7 c2
Event: 188.564 Thread 0x00007f84784a7000 Uncommon trap: reason=null_check action=make_not_entrant pc=0x00007f84e8b1e048 method=org.apache.ivy.core.IvyContext.peekIvy()Lorg/apache/ivy/Ivy; @ 7 c2
Event: 191.949 Thread 0x00007f84fa21b800 Uncommon trap: reason=class_check action=maybe_recompile pc=0x00007f84e853d234 method=sun.nio.cs.StreamEncoder.writeBytes()V @ 120 c2
Event: 191.949 Thread 0x00007f84fa21b800 Uncommon trap: reason=class_check action=maybe_recompile pc=0x00007f84e853d234 method=sun.nio.cs.StreamEncoder.writeBytes()V @ 120 c2
Event: 281.120 Thread 0x00007f84f9690800 Uncommon trap: reason=unstable_if action=reinterpret pc=0x00007f84e8c85ee0 method=java.io.BufferedWriter.min(II)I @ 2 c2

Classes redefined (0 events):
No events

Internal exceptions (10 events):
Event: 97.092 Thread 0x00007f8478382000 Implicit null exception at 0x00007f84e8ca10c5 to 0x00007f84e8ca118e
Event: 97.092 Thread 0x00007f84784a9000 Implicit null exception at 0x00007f84e8ca10c5 to 0x00007f84e8ca118e
Event: 97.092 Thread 0x00007f84784a7000 Implicit null exception at 0x00007f84e8ca10c5 to 0x00007f84e8ca118e
Event: 97.092 Thread 0x00007f8478383000 Implicit null exception at 0x00007f84e8ca10c5 to 0x00007f84e8ca118e
Event: 97.092 Thread 0x00007f8478490000 Implicit null exception at 0x00007f84e8ca841b to 0x00007f84e8ca84aa
Event: 97.092 Thread 0x00007f84784a8000 Implicit null exception at 0x00007f84e8ca841b to 0x00007f84e8ca84aa
Event: 97.092 Thread 0x00007f84784a9000 Implicit null exception at 0x00007f84e8ca841b to 0x00007f84e8ca84aa
Event: 97.092 Thread 0x00007f8478382000 Implicit null exception at 0x00007f84e8ca841b to 0x00007f84e8ca84aa
Event: 186.540 Thread 0x00007f84784a7000 Implicit null exception at 0x00007f84e8b1a98d to 0x00007f84e8b1e016
Event: 186.588 Thread 0x00007f8478383000 Implicit null exception at 0x00007f84e8b1a98d to 0x00007f84e8b1e016

Events (10 events):
Event: 282.518 Thread 0x00007f84f9690800 DEOPT UNPACKING pc=0x00007f84e09a683a sp=0x00007f848f0f6470 mode 0
Event: 282.520 Thread 0x00007f84f9690800 DEOPT PACKING pc=0x00007f84e2aa0771 sp=0x00007f848f0f6fe0
Event: 282.520 Thread 0x00007f84f9690800 DEOPT UNPACKING pc=0x00007f84e09a683a sp=0x00007f848f0f6510 mode 0
Event: 282.521 Thread 0x00007f84f9690800 DEOPT PACKING pc=0x00007f84e2aa0771 sp=0x00007f848f0f6f60
Event: 282.521 Thread 0x00007f84f9690800 DEOPT UNPACKING pc=0x00007f84e09a683a sp=0x00007f848f0f6490 mode 0
Event: 282.522 Thread 0x00007f84f9690800 DEOPT PACKING pc=0x00007f84e2aa0771 sp=0x00007f848f0f6f70
Event: 282.522 Thread 0x00007f84f9690800 DEOPT UNPACKING pc=0x00007f84e09a683a sp=0x00007f848f0f64a0 mode 0
Event: 282.523 Thread 0x00007f84f9690800 DEOPT PACKING pc=0x00007f84e2aa0771 sp=0x00007f848f0f6f40
Event: 282.523 Thread 0x00007f84f9690800 DEOPT UNPACKING pc=0x00007f84e09a683a sp=0x00007f848f0f6470 mode 0
Event: 282.677 Executing VM operation: G1CollectForAllocation


Dynamic libraries:
a0000000-aef00000 rw-p 00000000 00:00 0 
bfd00000-ffe00000 ---p 00000000 00:00 0 
ffe00000-ffe35000 rw-p 0111e000 08:07 5630518                            /usr/lib/jvm/java-11-openjdk-amd64/lib/server/classes.jsa
ffe35000-fff00000 rw-p 00000000 00:00 0 
fff00000-fff6a000 rw-p 010b4000 08:07 5630518                            /usr/lib/jvm/java-11-openjdk-amd64/lib/server/classes.jsa
fff6a000-100000000 rw-p 00000000 00:00 0 
800000000-800002000 rwxp 00001000 08:07 5630518                          /usr/lib/jvm/java-11-openjdk-amd64/lib/server/classes.jsa
800002000-8003bf000 rw-p 00003000 08:07 5630518                          /usr/lib/jvm/java-11-openjdk-amd64/lib/server/classes.jsa
8003bf000-800a9c000 r--p 003c0000 08:07 5630518                          /usr/lib/jvm/java-11-openjdk-amd64/lib/server/classes.jsa
800a9c000-800a9d000 rw-p 00a9d000 08:07 5630518                          /usr/lib/jvm/java-11-openjdk-amd64/lib/server/classes.jsa
800a9d000-8010b3000 r--p 00a9e000 08:07 5630518                          /usr/lib/jvm/java-11-openjdk-amd64/lib/server/classes.jsa
840000000-841180000 rw-p 00000000 00:00 0 
841180000-880000000 ---p 00000000 00:00 0 
555aa224e000-555aa224f000 r-xp 00000000 08:07 5496656                    /usr/lib/jvm/java-11-openjdk-amd64/bin/java
555aa244f000-555aa2450000 r--p 00001000 08:07 5496656                    /usr/lib/jvm/java-11-openjdk-amd64/bin/java
555aa2450000-555aa2451000 rw-p 00002000 08:07 5496656                    /usr/lib/jvm/java-11-openjdk-amd64/bin/java
555aa310e000-555aa312f000 rw-p 00000000 00:00 0                          [heap]
7f8404000000-7f8404021000 rw-p 00000000 00:00 0 
7f8404021000-7f8408000000 ---p 00000000 00:00 0 
7f840c000000-7f840c021000 rw-p 00000000 00:00 0 
7f840c021000-7f8410000000 ---p 00000000 00:00 0 
7f8410000000-7f8410021000 rw-p 00000000 00:00 0 
7f8410021000-7f8414000000 ---p 00000000 00:00 0 
7f8414000000-7f8414021000 rw-p 00000000 00:00 0 
7f8414021000-7f8418000000 ---p 00000000 00:00 0 
7f8418000000-7f8418021000 rw-p 00000000 00:00 0 
7f8418021000-7f841c000000 ---p 00000000 00:00 0 
7f841c000000-7f841c045000 rw-p 00000000 00:00 0 
7f841c045000-7f8420000000 ---p 00000000 00:00 0 
7f84223c8000-7f84224c8000 rw-p 00000000 00:00 0 
7f84224c8000-7f84225c8000 ---p 00000000 00:00 0 
7f84225c8000-7f84225cc000 ---p 00000000 00:00 0 
7f84225cc000-7f84226c9000 rw-p 00000000 00:00 0 
7f84226c9000-7f84226cd000 ---p 00000000 00:00 0 
7f84226cd000-7f84227ca000 rw-p 00000000 00:00 0 
7f84227ca000-7f84227ce000 ---p 00000000 00:00 0 
7f84227ce000-7f84228cb000 rw-p 00000000 00:00 0 
7f84228cb000-7f84228cf000 ---p 00000000 00:00 0 
7f84228cf000-7f84229cc000 rw-p 00000000 00:00 0 
7f84229cc000-7f84229d0000 ---p 00000000 00:00 0 
7f84229d0000-7f8422ccd000 rw-p 00000000 00:00 0 
7f8422ccd000-7f8422ecd000 rw-p 00000000 00:00 0 
7f8422ecd000-7f8422ef7000 r-xp 00000000 08:07 5496702                    /usr/lib/jvm/java-11-openjdk-amd64/lib/libsunec.so
7f8422ef7000-7f84230f6000 ---p 0002a000 08:07 5496702                    /usr/lib/jvm/java-11-openjdk-amd64/lib/libsunec.so
7f84230f6000-7f84230fa000 r--p 00029000 08:07 5496702                    /usr/lib/jvm/java-11-openjdk-amd64/lib/libsunec.so
7f84230fa000-7f84230fc000 rw-p 0002d000 08:07 5496702                    /usr/lib/jvm/java-11-openjdk-amd64/lib/libsunec.so
7f84230fc000-7f84232fc000 rw-p 00000000 00:00 0 
7f84232fc000-7f84234fc000 rw-p 00000000 00:00 0 
7f84234fc000-7f84236fc000 rw-p 00000000 00:00 0 
7f84236fc000-7f84238fc000 rw-p 00000000 00:00 0 
7f84238fc000-7f8423900000 ---p 00000000 00:00 0 
7f8423900000-7f8423bfd000 rw-p 00000000 00:00 0 
7f8423bfd000-7f8423dfd000 rw-p 00000000 00:00 0 
7f8423dfd000-7f8423dff000 r-xp 00000000 08:07 5496677                    /usr/lib/jvm/java-11-openjdk-amd64/lib/libextnet.so
7f8423dff000-7f8423ffe000 ---p 00002000 08:07 5496677                    /usr/lib/jvm/java-11-openjdk-amd64/lib/libextnet.so
7f8423ffe000-7f8423fff000 r--p 00001000 08:07 5496677                    /usr/lib/jvm/java-11-openjdk-amd64/lib/libextnet.so
7f8423fff000-7f8424000000 rw-p 00002000 08:07 5496677                    /usr/lib/jvm/java-11-openjdk-amd64/lib/libextnet.so
7f8424000000-7f8424021000 rw-p 00000000 00:00 0 
7f8424021000-7f8428000000 ---p 00000000 00:00 0 
7f8428000000-7f8428021000 rw-p 00000000 00:00 0 
7f8428021000-7f842c000000 ---p 00000000 00:00 0 
7f842c000000-7f842c021000 rw-p 00000000 00:00 0 
7f842c021000-7f8430000000 ---p 00000000 00:00 0 
7f8430000000-7f8430021000 rw-p 00000000 00:00 0 
7f8430021000-7f8434000000 ---p 00000000 00:00 0 
7f8434000000-7f8434021000 rw-p 00000000 00:00 0 
7f8434021000-7f8438000000 ---p 00000000 00:00 0 
7f8438000000-7f8438021000 rw-p 00000000 00:00 0 
7f8438021000-7f843c000000 ---p 00000000 00:00 0 
7f843c000000-7f843c021000 rw-p 00000000 00:00 0 
7f843c021000-7f8440000000 ---p 00000000 00:00 0 
7f8440000000-7f8440021000 rw-p 00000000 00:00 0 
7f8440021000-7f8444000000 ---p 00000000 00:00 0 
7f8444000000-7f8444021000 rw-p 00000000 00:00 0 
7f8444021000-7f8448000000 ---p 00000000 00:00 0 
7f8448000000-7f8448021000 rw-p 00000000 00:00 0 
7f8448021000-7f844c000000 ---p 00000000 00:00 0 
7f844c000000-7f844c021000 rw-p 00000000 00:00 0 
7f844c021000-7f8450000000 ---p 00000000 00:00 0 
7f8450000000-7f8450021000 rw-p 00000000 00:00 0 
7f8450021000-7f8454000000 ---p 00000000 00:00 0 
7f8454000000-7f8454021000 rw-p 00000000 00:00 0 
7f8454021000-7f8458000000 ---p 00000000 00:00 0 
7f8458000000-7f8458021000 rw-p 00000000 00:00 0 
7f8458021000-7f845c000000 ---p 00000000 00:00 0 
7f845c000000-7f845c021000 rw-p 00000000 00:00 0 
7f845c021000-7f8460000000 ---p 00000000 00:00 0 
7f8460000000-7f8460021000 rw-p 00000000 00:00 0 
7f8460021000-7f8464000000 ---p 00000000 00:00 0 
7f8464000000-7f8464090000 rw-p 00000000 00:00 0 
7f8464090000-7f8468000000 ---p 00000000 00:00 0 
7f8468000000-7f8468068000 rw-p 00000000 00:00 0 
7f8468068000-7f846c000000 ---p 00000000 00:00 0 
7f846c000000-7f846c08a000 rw-p 00000000 00:00 0 
7f846c08a000-7f8470000000 ---p 00000000 00:00 0 
7f8470000000-7f8470021000 rw-p 00000000 00:00 0 
7f8470021000-7f8474000000 ---p 00000000 00:00 0 
7f8474000000-7f847405f000 rw-p 00000000 00:00 0 
7f847405f000-7f8478000000 ---p 00000000 00:00 0 
7f8478000000-7f84784ac000 rw-p 00000000 00:00 0 
7f84784ac000-7f847c000000 ---p 00000000 00:00 0 
7f847c000000-7f847c04c000 rw-p 00000000 00:00 0 
7f847c04c000-7f8480000000 ---p 00000000 00:00 0 
7f8480000000-7f848059e000 rw-p 00000000 00:00 0 
7f848059e000-7f8484000000 ---p 00000000 00:00 0 
7f8484000000-7f8485225000 rw-p 00000000 00:00 0 
7f8485225000-7f8488000000 ---p 00000000 00:00 0 
7f8488000000-7f8488058000 rw-p 00000000 00:00 0 
7f8488058000-7f848c000000 ---p 00000000 00:00 0 
7f848c0c9000-7f848c2c9000 rw-p 00000000 00:00 0 
7f848c2c9000-7f848c4c9000 rw-p 00000000 00:00 0 
7f848c4c9000-7f848c6c9000 rw-p 00000000 00:00 0 
7f848c6c9000-7f848c8c9000 rw-p 00000000 00:00 0 
7f848c8c9000-7f848cac9000 rw-p 00000000 00:00 0 
7f848cac9000-7f848ccc9000 rw-p 00000000 00:00 0 
7f848ccc9000-7f848cec9000 rw-p 00000000 00:00 0 
7f848cec9000-7f848d0c9000 rw-p 00000000 00:00 0 
7f848d0c9000-7f848d2c9000 rw-p 00000000 00:00 0 
7f848d2c9000-7f848d4c9000 rw-p 00000000 00:00 0 
7f848d4c9000-7f848d4cd000 ---p 00000000 00:00 0 
7f848d4cd000-7f848d5ca000 rw-p 00000000 00:00 0 
7f848d5ca000-7f848d5ce000 ---p 00000000 00:00 0 
7f848d5ce000-7f848d6cb000 rw-p 00000000 00:00 0 
7f848d6cb000-7f848d6cf000 ---p 00000000 00:00 0 
7f848d6cf000-7f848d7cc000 rw-p 00000000 00:00 0 
7f848d7cc000-7f848d7d0000 ---p 00000000 00:00 0 
7f848d7d0000-7f848d8cd000 rw-p 00000000 00:00 0 
7f848d8cd000-7f848d8d1000 ---p 00000000 00:00 0 
7f848d8d1000-7f848d9ce000 rw-p 00000000 00:00 0 
7f848d9ce000-7f848d9d2000 ---p 00000000 00:00 0 
7f848d9d2000-7f848dacf000 rw-p 00000000 00:00 0 
7f848dacf000-7f848dad3000 ---p 00000000 00:00 0 
7f848dad3000-7f848dbd0000 rw-p 00000000 00:00 0 
7f848dbd0000-7f848dbd4000 ---p 00000000 00:00 0 
7f848dbd4000-7f848ded1000 rw-p 00000000 00:00 0 
7f848ded1000-7f848dee9000 r-xp 00000000 08:07 269855                     /tmp/jna--2022129127/jna3480210795559851371.tmp (deleted)
7f848dee9000-7f848e0e9000 ---p 00018000 08:07 269855                     /tmp/jna--2022129127/jna3480210795559851371.tmp (deleted)
7f848e0e9000-7f848e0ea000 rw-p 00018000 08:07 269855                     /tmp/jna--2022129127/jna3480210795559851371.tmp (deleted)
7f848e0ea000-7f848e0eb000 ---p 00000000 00:00 0 
7f848e0eb000-7f848e1ec000 rw-p 00000000 00:00 0 
7f848e1ec000-7f848e1ed000 ---p 00000000 00:00 0 
7f848e1ed000-7f848e2ee000 rw-p 00000000 00:00 0 
7f848e2ee000-7f848e2ef000 ---p 00000000 00:00 0 
7f848e2ef000-7f848e3f0000 rw-p 00000000 00:00 0 
7f848e3f0000-7f848e3f1000 ---p 00000000 00:00 0 
7f848e3f1000-7f848e4f2000 rw-p 00000000 00:00 0 
7f848e4f2000-7f848e4f3000 ---p 00000000 00:00 0 
7f848e4f3000-7f848e5f4000 rw-p 00000000 00:00 0 
7f848e5f4000-7f848e5f5000 ---p 00000000 00:00 0 
7f848e5f5000-7f848e6f6000 rw-p 00000000 00:00 0 
7f848e6f6000-7f848e6f7000 ---p 00000000 00:00 0 
7f848e6f7000-7f848e9f8000 rw-p 00000000 00:00 0 
7f848e9f8000-7f848ebf8000 rw-p 00000000 00:00 0 
7f848ebf8000-7f848ebfc000 ---p 00000000 00:00 0 
7f848ebfc000-7f848eef9000 rw-p 00000000 00:00 0 
7f848eef9000-7f848eefd000 ---p 00000000 00:00 0 
7f848eefd000-7f848effa000 rw-p 00000000 00:00 0 
7f848effa000-7f848effe000 ---p 00000000 00:00 0 
7f848effe000-7f848f0fb000 rw-p 00000000 00:00 0 
7f848f0fb000-7f848f0ff000 ---p 00000000 00:00 0 
7f848f0ff000-7f848f1fc000 rw-p 00000000 00:00 0 
7f848f1fc000-7f848f200000 ---p 00000000 00:00 0 
7f848f200000-7f848f2fd000 rw-p 00000000 00:00 0 
7f848f2fd000-7f848f301000 ---p 00000000 00:00 0 
7f848f301000-7f848f3fe000 rw-p 00000000 00:00 0 
7f848f3fe000-7f848f402000 ---p 00000000 00:00 0 
7f848f402000-7f848f4ff000 rw-p 00000000 00:00 0 
7f848f4ff000-7f848f503000 ---p 00000000 00:00 0 
7f848f503000-7f848f800000 rw-p 00000000 00:00 0 
7f848f800000-7f848fa00000 rw-p 00000000 00:00 0 
7f848fa00000-7f848fc00000 rw-p 00000000 00:00 0 
7f848fc00000-7f848fe00000 rw-p 00000000 00:00 0 
7f848fe00000-7f8490000000 rw-p 00000000 00:00 0 
7f8490000000-7f8490021000 rw-p 00000000 00:00 0 
7f8490021000-7f8494000000 ---p 00000000 00:00 0 
7f8494000000-7f849427c000 rw-p 00000000 00:00 0 
7f849427c000-7f8498000000 ---p 00000000 00:00 0 
7f8498000000-7f8498021000 rw-p 00000000 00:00 0 
7f8498021000-7f849c000000 ---p 00000000 00:00 0 
7f849c000000-7f849c02e000 rw-p 00000000 00:00 0 
7f849c02e000-7f84a0000000 ---p 00000000 00:00 0 
7f84a0000000-7f84a0021000 rw-p 00000000 00:00 0 
7f84a0021000-7f84a4000000 ---p 00000000 00:00 0 
7f84a4000000-7f84a4021000 rw-p 00000000 00:00 0 
7f84a4021000-7f84a8000000 ---p 00000000 00:00 0 
7f84a8000000-7f84a86e4000 rw-p 00000000 00:00 0 
7f84a86e4000-7f84ac000000 ---p 00000000 00:00 0 
7f84ac000000-7f84ac021000 rw-p 00000000 00:00 0 
7f84ac021000-7f84b0000000 ---p 00000000 00:00 0 
7f84b0000000-7f84b0021000 rw-p 00000000 00:00 0 
7f84b0021000-7f84b4000000 ---p 00000000 00:00 0 
7f84b4000000-7f84b638a000 rw-p 00000000 00:00 0 
7f84b638a000-7f84b8000000 ---p 00000000 00:00 0 
7f84b8000000-7f84b8021000 rw-p 00000000 00:00 0 
7f84b8021000-7f84bc000000 ---p 00000000 00:00 0 
7f84bc000000-7f84bc021000 rw-p 00000000 00:00 0 
7f84bc021000-7f84c0000000 ---p 00000000 00:00 0 
7f84c0000000-7f84c0f51000 rw-p 00000000 00:00 0 
7f84c0f51000-7f84c4000000 ---p 00000000 00:00 0 
7f84c4000000-7f84c4021000 rw-p 00000000 00:00 0 
7f84c4021000-7f84c8000000 ---p 00000000 00:00 0 
7f84c80c9000-7f84c80cd000 ---p 00000000 00:00 0 
7f84c80cd000-7f84c83ca000 rw-p 00000000 00:00 0 
7f84c83ca000-7f84c85ca000 rw-p 00000000 00:00 0 
7f84c85ca000-7f84c87ca000 rw-p 00000000 00:00 0 
7f84c87ca000-7f84c89ca000 rw-p 00000000 00:00 0 
7f84c89ca000-7f84c8bca000 rw-p 00000000 00:00 0 
7f84c8bca000-7f84c8bcb000 ---p 00000000 00:00 0 
7f84c8bcb000-7f84c8eb8000 rw-p 00000000 00:00 0 
7f84c8eb8000-7f84c8ecc000 ---p 00000000 00:00 0 
7f84c8ecc000-7f84c8ee3000 r-xp 00000000 08:07 398601                     /lib/x86_64-linux-gnu/libresolv-2.27.so
7f84c8ee3000-7f84c90e3000 ---p 00017000 08:07 398601                     /lib/x86_64-linux-gnu/libresolv-2.27.so
7f84c90e3000-7f84c90e4000 r--p 00017000 08:07 398601                     /lib/x86_64-linux-gnu/libresolv-2.27.so
7f84c90e4000-7f84c90e5000 rw-p 00018000 08:07 398601                     /lib/x86_64-linux-gnu/libresolv-2.27.so
7f84c90e5000-7f84c90e7000 rw-p 00000000 00:00 0 
7f84c90e7000-7f84c90ec000 r-xp 00000000 08:07 398550                     /lib/x86_64-linux-gnu/libnss_dns-2.27.so
7f84c90ec000-7f84c92ec000 ---p 00005000 08:07 398550                     /lib/x86_64-linux-gnu/libnss_dns-2.27.so
7f84c92ec000-7f84c92ed000 r--p 00005000 08:07 398550                     /lib/x86_64-linux-gnu/libnss_dns-2.27.so
7f84c92ed000-7f84c92ee000 rw-p 00006000 08:07 398550                     /lib/x86_64-linux-gnu/libnss_dns-2.27.so
7f84c92ee000-7f84c92f0000 r-xp 00000000 08:07 398558                     /lib/x86_64-linux-gnu/libnss_mdns4_minimal.so.2
7f84c92f0000-7f84c94ef000 ---p 00002000 08:07 398558                     /lib/x86_64-linux-gnu/libnss_mdns4_minimal.so.2
7f84c94ef000-7f84c94f0000 r--p 00001000 08:07 398558                     /lib/x86_64-linux-gnu/libnss_mdns4_minimal.so.2
7f84c94f0000-7f84c94f1000 rw-p 00002000 08:07 398558                     /lib/x86_64-linux-gnu/libnss_mdns4_minimal.so.2
7f84c94f1000-7f84c94f5000 ---p 00000000 00:00 0 
7f84c94f5000-7f84c97f2000 rw-p 00000000 00:00 0 
7f84c97f2000-7f84c97f7000 r-xp 00000000 08:07 5496694                    /usr/lib/jvm/java-11-openjdk-amd64/lib/libmanagement_ext.so
7f84c97f7000-7f84c99f6000 ---p 00005000 08:07 5496694                    /usr/lib/jvm/java-11-openjdk-amd64/lib/libmanagement_ext.so
7f84c99f6000-7f84c99f7000 r--p 00004000 08:07 5496694                    /usr/lib/jvm/java-11-openjdk-amd64/lib/libmanagement_ext.so
7f84c99f7000-7f84c99f8000 rw-p 00005000 08:07 5496694                    /usr/lib/jvm/java-11-openjdk-amd64/lib/libmanagement_ext.so
7f84c99f8000-7f84c99fc000 r-xp 00000000 08:07 5496692                    /usr/lib/jvm/java-11-openjdk-amd64/lib/libmanagement.so
7f84c99fc000-7f84c9bfb000 ---p 00004000 08:07 5496692                    /usr/lib/jvm/java-11-openjdk-amd64/lib/libmanagement.so
7f84c9bfb000-7f84c9bfc000 r--p 00003000 08:07 5496692                    /usr/lib/jvm/java-11-openjdk-amd64/lib/libmanagement.so
7f84c9bfc000-7f84c9bfd000 rw-p 00004000 08:07 5496692                    /usr/lib/jvm/java-11-openjdk-amd64/lib/libmanagement.so
7f84c9bfd000-7f84c9dfd000 rw-p 00000000 00:00 0 
7f84c9dfd000-7f84c9ffd000 rw-p 00000000 00:00 0 
7f84c9ffd000-7f84c9ffe000 ---p 00000000 00:00 0 
7f84c9ffe000-7f84ca0ff000 rw-p 00000000 00:00 0 
7f84ca0ff000-7f84ca100000 ---p 00000000 00:00 0 
7f84ca100000-7f84ca401000 rw-p 00000000 00:00 0 
7f84ca401000-7f84ca417000 r-xp 00000000 08:07 5496696                    /usr/lib/jvm/java-11-openjdk-amd64/lib/libnet.so
7f84ca417000-7f84ca616000 ---p 00016000 08:07 5496696                    /usr/lib/jvm/java-11-openjdk-amd64/lib/libnet.so
7f84ca616000-7f84ca617000 r--p 00015000 08:07 5496696                    /usr/lib/jvm/java-11-openjdk-amd64/lib/libnet.so
7f84ca617000-7f84ca618000 rw-p 00016000 08:07 5496696                    /usr/lib/jvm/java-11-openjdk-amd64/lib/libnet.so
7f84ca618000-7f84ca628000 r-xp 00000000 08:07 5496697                    /usr/lib/jvm/java-11-openjdk-amd64/lib/libnio.so
7f84ca628000-7f84ca827000 ---p 00010000 08:07 5496697                    /usr/lib/jvm/java-11-openjdk-amd64/lib/libnio.so
7f84ca827000-7f84ca828000 r--p 0000f000 08:07 5496697                    /usr/lib/jvm/java-11-openjdk-amd64/lib/libnio.so
7f84ca828000-7f84ca829000 rw-p 00010000 08:07 5496697                    /usr/lib/jvm/java-11-openjdk-amd64/lib/libnio.so
7f84ca829000-7f84ca82d000 ---p 00000000 00:00 0 
7f84ca82d000-7f84ca92a000 rw-p 00000000 00:00 0 
7f84ca92a000-7f84ca92b000 ---p 00000000 00:00 0 
7f84ca92b000-7f84caa2c000 rw-p 00000000 00:00 0 
7f84caa2c000-7f84caa30000 ---p 00000000 00:00 0 
7f84caa30000-7f84cab2d000 rw-p 00000000 00:00 0 
7f84cab2d000-7f84cab31000 ---p 00000000 00:00 0 
7f84cab31000-7f84cac2e000 rw-p 00000000 00:00 0 
7f84cac2e000-7f84cac32000 ---p 00000000 00:00 0 
7f84cac32000-7f84cad2f000 rw-p 00000000 00:00 0 
7f84cad2f000-7f84cad33000 ---p 00000000 00:00 0 
7f84cad33000-7f84cae30000 rw-p 00000000 00:00 0 
7f84cae30000-7f84cb800000 r--p 00000000 08:07 659646                     /usr/lib/locale/locale-archive
7f84cb800000-7f84cc000000 rw-p 00000000 00:00 0 
7f84cc000000-7f84cc061000 rw-p 00000000 00:00 0 
7f84cc061000-7f84d0000000 ---p 00000000 00:00 0 
7f84d0000000-7f84d0021000 rw-p 00000000 00:00 0 
7f84d0021000-7f84d4000000 ---p 00000000 00:00 0 
7f84d4000000-7f84d4021000 rw-p 00000000 00:00 0 
7f84d4021000-7f84d8000000 ---p 00000000 00:00 0 
7f84d8075000-7f84d8079000 ---p 00000000 00:00 0 
7f84d8079000-7f84d8176000 rw-p 00000000 00:00 0 
7f84d8176000-7f84d817a000 ---p 00000000 00:00 0 
7f84d817a000-7f84d8277000 rw-p 00000000 00:00 0 
7f84d8277000-7f84d827b000 ---p 00000000 00:00 0 
7f84d827b000-7f84d8378000 rw-p 00000000 00:00 0 
7f84d8378000-7f84d8379000 ---p 00000000 00:00 0 
7f84d8379000-7f84d84fb000 rw-p 00000000 00:00 0 
7f84d84fb000-7f84d84fc000 ---p 00000000 00:00 0 
7f84d84fc000-7f84d85fd000 rw-p 00000000 00:00 0 
7f84d85fd000-7f84d85fe000 ---p 00000000 00:00 0 
7f84d85fe000-7f84dabbc000 rw-p 00000000 00:00 0 
7f84dabbc000-7f84dbff8000 ---p 00000000 00:00 0 
7f84dbff8000-7f84dc000000 rw-p 00000000 00:00 0 
7f84dc000000-7f84dc021000 rw-p 00000000 00:00 0 
7f84dc021000-7f84e0000000 ---p 00000000 00:00 0 
7f84e002b000-7f84e002f000 ---p 00000000 00:00 0 
7f84e002f000-7f84e004d000 rw-p 00000000 00:00 0 
7f84e004d000-7f84e0073000 r--p 00000000 08:07 533979                     /usr/share/locale-langpack/fr/LC_MESSAGES/libc.mo
7f84e0073000-7f84e077a000 rw-p 00000000 00:00 0 
7f84e077a000-7f84e077b000 ---p 00000000 00:00 0 
7f84e077b000-7f84e087c000 rw-p 00000000 00:00 0 
7f84e087c000-7f84e087d000 ---p 00000000 00:00 0 
7f84e087d000-7f84e097e000 rw-p 00000000 00:00 0 
7f84e097e000-7f84e0bee000 rwxp 00000000 00:00 0 
7f84e0bee000-7f84e0f0f000 ---p 00000000 00:00 0 
7f84e0f0f000-7f84e2b2f000 rwxp 00000000 00:00 0 
7f84e2b2f000-7f84e8446000 ---p 00000000 00:00 0 
7f84e8446000-7f84e8cd6000 rwxp 00000000 00:00 0 
7f84e8cd6000-7f84ef97e000 ---p 00000000 00:00 0 
7f84ef97e000-7f84f8000000 r--s 00000000 08:07 5496706                    /usr/lib/jvm/java-11-openjdk-amd64/lib/modules
7f84f8000000-7f84fa465000 rw-p 00000000 00:00 0 
7f84fa465000-7f84fc000000 ---p 00000000 00:00 0 
7f84fc01c000-7f84fc3d8000 rw-p 00000000 00:00 0 
7f84fc3d8000-7f84fd814000 ---p 00000000 00:00 0 
7f84fd814000-7f84fd894000 rw-p 00000000 00:00 0 
7f84fd894000-7f84fdb1b000 ---p 00000000 00:00 0 
7f84fdb1b000-7f84fdb94000 rw-p 00000000 00:00 0 
7f84fdb94000-7f84fde1b000 ---p 00000000 00:00 0 
7f84fde1b000-7f84fde94000 rw-p 00000000 00:00 0 
7f84fde94000-7f84fe11b000 ---p 00000000 00:00 0 
7f84fe11b000-7f84fe924000 rw-p 00000000 00:00 0 
7f84fe924000-7f84fe925000 ---p 00000000 00:00 0 
7f84fe925000-7f84fea38000 rw-p 00000000 00:00 0 
7f84fea38000-7f84feb11000 ---p 00000000 00:00 0 
7f84feb11000-7f84feb4a000 rw-p 00000000 00:00 0 
7f84feb4a000-7f84febfc000 ---p 00000000 00:00 0 
7f84febfc000-7f84fec01000 r-xp 00000000 08:07 5496688                    /usr/lib/jvm/java-11-openjdk-amd64/lib/libjimage.so
7f84fec01000-7f84fee00000 ---p 00005000 08:07 5496688                    /usr/lib/jvm/java-11-openjdk-amd64/lib/libjimage.so
7f84fee00000-7f84fee01000 r--p 00004000 08:07 5496688                    /usr/lib/jvm/java-11-openjdk-amd64/lib/libjimage.so
7f84fee01000-7f84fee02000 rw-p 00005000 08:07 5496688                    /usr/lib/jvm/java-11-openjdk-amd64/lib/libjimage.so
7f84fee02000-7f84fee09000 r-xp 00000000 08:07 5496705                    /usr/lib/jvm/java-11-openjdk-amd64/lib/libzip.so
7f84fee09000-7f84ff008000 ---p 00007000 08:07 5496705                    /usr/lib/jvm/java-11-openjdk-amd64/lib/libzip.so
7f84ff008000-7f84ff009000 r--p 00006000 08:07 5496705                    /usr/lib/jvm/java-11-openjdk-amd64/lib/libzip.so
7f84ff009000-7f84ff00a000 rw-p 00007000 08:07 5496705                    /usr/lib/jvm/java-11-openjdk-amd64/lib/libzip.so
7f84ff00a000-7f84ff015000 r-xp 00000000 08:07 398552                     /lib/x86_64-linux-gnu/libnss_files-2.27.so
7f84ff015000-7f84ff214000 ---p 0000b000 08:07 398552                     /lib/x86_64-linux-gnu/libnss_files-2.27.so
7f84ff214000-7f84ff215000 r--p 0000a000 08:07 398552                     /lib/x86_64-linux-gnu/libnss_files-2.27.so
7f84ff215000-7f84ff216000 rw-p 0000b000 08:07 398552                     /lib/x86_64-linux-gnu/libnss_files-2.27.so
7f84ff216000-7f84ff21c000 rw-p 00000000 00:00 0 
7f84ff21c000-7f84ff233000 r-xp 00000000 08:07 398546                     /lib/x86_64-linux-gnu/libnsl-2.27.so
7f84ff233000-7f84ff432000 ---p 00017000 08:07 398546                     /lib/x86_64-linux-gnu/libnsl-2.27.so
7f84ff432000-7f84ff433000 r--p 00016000 08:07 398546                     /lib/x86_64-linux-gnu/libnsl-2.27.so
7f84ff433000-7f84ff434000 rw-p 00017000 08:07 398546                     /lib/x86_64-linux-gnu/libnsl-2.27.so
7f84ff434000-7f84ff436000 rw-p 00000000 00:00 0 
7f84ff436000-7f84ff441000 r-xp 00000000 08:07 398563                     /lib/x86_64-linux-gnu/libnss_nis-2.27.so
7f84ff441000-7f84ff640000 ---p 0000b000 08:07 398563                     /lib/x86_64-linux-gnu/libnss_nis-2.27.so
7f84ff640000-7f84ff641000 r--p 0000a000 08:07 398563                     /lib/x86_64-linux-gnu/libnss_nis-2.27.so
7f84ff641000-7f84ff642000 rw-p 0000b000 08:07 398563                     /lib/x86_64-linux-gnu/libnss_nis-2.27.so
7f84ff642000-7f84ff64a000 r-xp 00000000 08:07 398548                     /lib/x86_64-linux-gnu/libnss_compat-2.27.so
7f84ff64a000-7f84ff84a000 ---p 00008000 08:07 398548                     /lib/x86_64-linux-gnu/libnss_compat-2.27.so
7f84ff84a000-7f84ff84b000 r--p 00008000 08:07 398548                     /lib/x86_64-linux-gnu/libnss_compat-2.27.so
7f84ff84b000-7f84ff84c000 rw-p 00009000 08:07 398548                     /lib/x86_64-linux-gnu/libnss_compat-2.27.so
7f84ff84c000-7f84ff875000 r-xp 00000000 08:07 5496684                    /usr/lib/jvm/java-11-openjdk-amd64/lib/libjava.so
7f84ff875000-7f84ffa74000 ---p 00029000 08:07 5496684                    /usr/lib/jvm/java-11-openjdk-amd64/lib/libjava.so
7f84ffa74000-7f84ffa75000 r--p 00028000 08:07 5496684                    /usr/lib/jvm/java-11-openjdk-amd64/lib/libjava.so
7f84ffa75000-7f84ffa77000 rw-p 00029000 08:07 5496684                    /usr/lib/jvm/java-11-openjdk-amd64/lib/libjava.so
7f84ffa77000-7f84ffa84000 r-xp 00000000 08:07 5496704                    /usr/lib/jvm/java-11-openjdk-amd64/lib/libverify.so
7f84ffa84000-7f84ffc83000 ---p 0000d000 08:07 5496704                    /usr/lib/jvm/java-11-openjdk-amd64/lib/libverify.so
7f84ffc83000-7f84ffc85000 r--p 0000c000 08:07 5496704                    /usr/lib/jvm/java-11-openjdk-amd64/lib/libverify.so
7f84ffc85000-7f84ffc86000 rw-p 0000e000 08:07 5496704                    /usr/lib/jvm/java-11-openjdk-amd64/lib/libverify.so
7f84ffc86000-7f84ffc8d000 r-xp 00000000 08:07 398603                     /lib/x86_64-linux-gnu/librt-2.27.so
7f84ffc8d000-7f84ffe8c000 ---p 00007000 08:07 398603                     /lib/x86_64-linux-gnu/librt-2.27.so
7f84ffe8c000-7f84ffe8d000 r--p 00006000 08:07 398603                     /lib/x86_64-linux-gnu/librt-2.27.so
7f84ffe8d000-7f84ffe8e000 rw-p 00007000 08:07 398603                     /lib/x86_64-linux-gnu/librt-2.27.so
7f84ffe8e000-7f84ffea5000 r-xp 00000000 08:07 399295                     /lib/x86_64-linux-gnu/libgcc_s.so.1
7f84ffea5000-7f85000a4000 ---p 00017000 08:07 399295                     /lib/x86_64-linux-gnu/libgcc_s.so.1
7f85000a4000-7f85000a5000 r--p 00016000 08:07 399295                     /lib/x86_64-linux-gnu/libgcc_s.so.1
7f85000a5000-7f85000a6000 rw-p 00017000 08:07 399295                     /lib/x86_64-linux-gnu/libgcc_s.so.1
7f85000a6000-7f8500243000 r-xp 00000000 08:07 398525                     /lib/x86_64-linux-gnu/libm-2.27.so
7f8500243000-7f8500442000 ---p 0019d000 08:07 398525                     /lib/x86_64-linux-gnu/libm-2.27.so
7f8500442000-7f8500443000 r--p 0019c000 08:07 398525                     /lib/x86_64-linux-gnu/libm-2.27.so
7f8500443000-7f8500444000 rw-p 0019d000 08:07 398525                     /lib/x86_64-linux-gnu/libm-2.27.so
7f8500444000-7f85005bd000 r-xp 00000000 08:07 655449                     /usr/lib/x86_64-linux-gnu/libstdc++.so.6.0.25
7f85005bd000-7f85007bd000 ---p 00179000 08:07 655449                     /usr/lib/x86_64-linux-gnu/libstdc++.so.6.0.25
7f85007bd000-7f85007c7000 r--p 00179000 08:07 655449                     /usr/lib/x86_64-linux-gnu/libstdc++.so.6.0.25
7f85007c7000-7f85007c9000 rw-p 00183000 08:07 655449                     /usr/lib/x86_64-linux-gnu/libstdc++.so.6.0.25
7f85007c9000-7f85007cd000 rw-p 00000000 00:00 0 
7f85007cd000-7f8501895000 r-xp 00000000 08:07 5635807                    /usr/lib/jvm/java-11-openjdk-amd64/lib/server/libjvm.so
7f8501895000-7f8501a95000 ---p 010c8000 08:07 5635807                    /usr/lib/jvm/java-11-openjdk-amd64/lib/server/libjvm.so
7f8501a95000-7f8501b52000 r--p 010c8000 08:07 5635807                    /usr/lib/jvm/java-11-openjdk-amd64/lib/server/libjvm.so
7f8501b52000-7f8501b8b000 rw-p 01185000 08:07 5635807                    /usr/lib/jvm/java-11-openjdk-amd64/lib/server/libjvm.so
7f8501b8b000-7f8501be1000 rw-p 00000000 00:00 0 
7f8501be1000-7f8501bfb000 r-xp 00000000 08:07 398595                     /lib/x86_64-linux-gnu/libpthread-2.27.so
7f8501bfb000-7f8501dfa000 ---p 0001a000 08:07 398595                     /lib/x86_64-linux-gnu/libpthread-2.27.so
7f8501dfa000-7f8501dfb000 r--p 00019000 08:07 398595                     /lib/x86_64-linux-gnu/libpthread-2.27.so
7f8501dfb000-7f8501dfc000 rw-p 0001a000 08:07 398595                     /lib/x86_64-linux-gnu/libpthread-2.27.so
7f8501dfc000-7f8501e00000 rw-p 00000000 00:00 0 
7f8501e00000-7f8501e03000 r-xp 00000000 08:07 398485                     /lib/x86_64-linux-gnu/libdl-2.27.so
7f8501e03000-7f8502002000 ---p 00003000 08:07 398485                     /lib/x86_64-linux-gnu/libdl-2.27.so
7f8502002000-7f8502003000 r--p 00002000 08:07 398485                     /lib/x86_64-linux-gnu/libdl-2.27.so
7f8502003000-7f8502004000 rw-p 00003000 08:07 398485                     /lib/x86_64-linux-gnu/libdl-2.27.so
7f8502004000-7f8502020000 r-xp 00000000 08:07 398634                     /lib/x86_64-linux-gnu/libz.so.1.2.11
7f8502020000-7f850221f000 ---p 0001c000 08:07 398634                     /lib/x86_64-linux-gnu/libz.so.1.2.11
7f850221f000-7f8502220000 r--p 0001b000 08:07 398634                     /lib/x86_64-linux-gnu/libz.so.1.2.11
7f8502220000-7f8502221000 rw-p 0001c000 08:07 398634                     /lib/x86_64-linux-gnu/libz.so.1.2.11
7f8502221000-7f8502408000 r-xp 00000000 08:07 398462                     /lib/x86_64-linux-gnu/libc-2.27.so
7f8502408000-7f8502608000 ---p 001e7000 08:07 398462                     /lib/x86_64-linux-gnu/libc-2.27.so
7f8502608000-7f850260c000 r--p 001e7000 08:07 398462                     /lib/x86_64-linux-gnu/libc-2.27.so
7f850260c000-7f850260e000 rw-p 001eb000 08:07 398462                     /lib/x86_64-linux-gnu/libc-2.27.so
7f850260e000-7f8502612000 rw-p 00000000 00:00 0 
7f8502612000-7f8502621000 r-xp 00000000 08:07 5635804                    /usr/lib/jvm/java-11-openjdk-amd64/lib/jli/libjli.so
7f8502621000-7f8502821000 ---p 0000f000 08:07 5635804                    /usr/lib/jvm/java-11-openjdk-amd64/lib/jli/libjli.so
7f8502821000-7f8502822000 r--p 0000f000 08:07 5635804                    /usr/lib/jvm/java-11-openjdk-amd64/lib/jli/libjli.so
7f8502822000-7f8502823000 rw-p 00010000 08:07 5635804                    /usr/lib/jvm/java-11-openjdk-amd64/lib/jli/libjli.so
7f8502823000-7f850284a000 r-xp 00000000 08:07 398434                     /lib/x86_64-linux-gnu/ld-2.27.so
7f8502866000-7f8502925000 rw-p 00000000 00:00 0 
7f8502925000-7f8502929000 ---p 00000000 00:00 0 
7f8502929000-7f8502a28000 rw-p 00000000 00:00 0 
7f8502a28000-7f8502a29000 rwxp 00000000 00:00 0 
7f8502a29000-7f8502a30000 r--s 00000000 08:07 790095                     /usr/lib/x86_64-linux-gnu/gconv/gconv-modules.cache
7f8502a30000-7f8502a35000 rw-p 00000000 00:00 0 
7f8502a35000-7f8502a3c000 ---p 00000000 00:00 0 
7f8502a3c000-7f8502a3e000 r--s 00007000 08:07 524828                     /usr/share/java/java-atk-wrapper.jar
7f8502a3e000-7f8502a46000 rw-s 00000000 08:07 268398                     /tmp/hsperfdata_souissi/18564
7f8502a46000-7f8502a47000 ---p 00000000 00:00 0 
7f8502a47000-7f8502a48000 r--p 00000000 00:00 0 
7f8502a48000-7f8502a4a000 rw-p 00000000 00:00 0 
7f8502a4a000-7f8502a4b000 r--p 00027000 08:07 398434                     /lib/x86_64-linux-gnu/ld-2.27.so
7f8502a4b000-7f8502a4c000 rw-p 00028000 08:07 398434                     /lib/x86_64-linux-gnu/ld-2.27.so
7f8502a4c000-7f8502a4d000 rw-p 00000000 00:00 0 
7fff97722000-7fff97743000 rw-p 00000000 00:00 0                          [stack]
7fff97746000-7fff97749000 r--p 00000000 00:00 0                          [vvar]
7fff97749000-7fff9774b000 r-xp 00000000 00:00 0                          [vdso]
ffffffffff600000-ffffffffff601000 r-xp 00000000 00:00 0                  [vsyscall]


VM Arguments:
jvm_args: -Djline.terminal=jline.UnsupportedTerminal -Dsbt.log.noformat=true -Dfile.encoding=UTF-8 -Xmx1536M -Didea.managed=true -Dfile.encoding=UTF-8 
java_command: /home/souissi/.IdeaIC2019.1/config/plugins/Scala/launcher/sbt-launch.jar
java_class_path (initial): /home/souissi/.IdeaIC2019.1/config/plugins/Scala/launcher/sbt-launch.jar
Launcher Type: SUN_STANDARD

[Global flags]
     intx CICompilerCount                          = 4                                         {product} {ergonomic}
     uint ConcGCThreads                            = 2                                         {product} {ergonomic}
     uint G1ConcRefinementThreads                  = 8                                         {product} {ergonomic}
   size_t G1HeapRegionSize                         = 1048576                                   {product} {ergonomic}
    uintx GCDrainStackTargetSize                   = 64                                        {product} {ergonomic}
   size_t InitialHeapSize                          = 130023424                                 {product} {ergonomic}
   size_t MarkStackSize                            = 4194304                                   {product} {ergonomic}
   size_t MaxHeapSize                              = 1610612736                                {product} {command line}
   size_t MaxNewSize                               = 965738496                                 {product} {ergonomic}
   size_t MinHeapDeltaBytes                        = 1048576                                   {product} {ergonomic}
    uintx NonNMethodCodeHeapSize                   = 5835340                                {pd product} {ergonomic}
    uintx NonProfiledCodeHeapSize                  = 122911450                              {pd product} {ergonomic}
    uintx ProfiledCodeHeapSize                     = 122911450                              {pd product} {ergonomic}
    uintx ReservedCodeCacheSize                    = 251658240                              {pd product} {ergonomic}
     bool SegmentedCodeCache                       = true                                      {product} {ergonomic}
     bool UseCompressedClassPointers               = true                                 {lp64_product} {ergonomic}
     bool UseCompressedOops                        = true                                 {lp64_product} {ergonomic}
     bool UseG1GC                                  = true                                      {product} {ergonomic}

Logging:
Log output configuration:
 #0: stdout all=warning uptime,level,tags
 #1: stderr all=off uptime,level,tags

Environment Variables:
JAVA_HOME=/usr/lib/jvm/java-10-oracle
PATH=/home/souissi/.local/bin:/usr/local/sbin:/usr/local/bin:/usr/sbin:/usr/bin:/sbin:/bin:/usr/games:/usr/local/games:/snap/bin:/usr/lib/jvm/java-10-oracle/bin:/usr/lib/jvm/java-10-oracle/db/bin
USERNAME=souissi
SHELL=/bin/bash
DISPLAY=:0

Signal Handlers:
SIGSEGV: [libjvm.so+0xde2f90], sa_mask[0]=11111111011111111101111111111110, sa_flags=SA_RESTART|SA_SIGINFO
SIGBUS: [libjvm.so+0xde2f90], sa_mask[0]=11111111011111111101111111111110, sa_flags=SA_RESTART|SA_SIGINFO
SIGFPE: [libjvm.so+0xde2f90], sa_mask[0]=11111111011111111101111111111110, sa_flags=SA_RESTART|SA_SIGINFO
SIGPIPE: [libjvm.so+0xbb85d0], sa_mask[0]=11111111011111111101111111111110, sa_flags=SA_RESTART|SA_SIGINFO
SIGXFSZ: [libjvm.so+0xbb85d0], sa_mask[0]=11111111011111111101111111111110, sa_flags=SA_RESTART|SA_SIGINFO
SIGILL: [libjvm.so+0xde2f90], sa_mask[0]=11111111011111111101111111111110, sa_flags=SA_RESTART|SA_SIGINFO
SIGUSR2: [libjvm.so+0xbb8470], sa_mask[0]=00100000000000000000000000000000, sa_flags=SA_RESTART|SA_SIGINFO
SIGHUP: [libjvm.so+0xbb87d0], sa_mask[0]=11111111011111111101111111111110, sa_flags=SA_RESTART|SA_SIGINFO
SIGINT: [libjvm.so+0xbb87d0], sa_mask[0]=11111111011111111101111111111110, sa_flags=SA_RESTART|SA_SIGINFO
SIGTERM: [libjvm.so+0xbb87d0], sa_mask[0]=11111111011111111101111111111110, sa_flags=SA_RESTART|SA_SIGINFO
SIGQUIT: [libjvm.so+0xbb87d0], sa_mask[0]=11111111011111111101111111111110, sa_flags=SA_RESTART|SA_SIGINFO


---------------  S Y S T E M  ---------------

OS:DISTRIB_ID=Ubuntu
DISTRIB_RELEASE=18.04
DISTRIB_CODENAME=bionic
DISTRIB_DESCRIPTION="Ubuntu 18.04.1 LTS"
uname:Linux 4.15.0-50-generic #54-Ubuntu SMP Mon May 6 18:46:08 UTC 2019 x86_64
libc:glibc 2.27 NPTL 2.27 
rlimit: STACK 8192k, CORE 0k, NPROC 31182, NOFILE 1048576, AS infinity, DATA infinity, FSIZE infinity
load average:17.56 10.98 5.26

/proc/meminfo:
MemTotal:        8054380 kB
MemFree:          131080 kB
MemAvailable:      68156 kB
Buffers:            1532 kB
Cached:           220128 kB
SwapCached:         7772 kB
Active:          6161960 kB
Inactive:        1262576 kB
Active(anon):    6126408 kB
Inactive(anon):  1234940 kB
Active(file):      35552 kB
Inactive(file):    27636 kB
Unevictable:          16 kB
Mlocked:              16 kB
SwapTotal:        899960 kB
SwapFree:              0 kB
Dirty:                32 kB
Writeback:             0 kB
AnonPages:       7195592 kB
Mapped:           267636 kB
Shmem:            158252 kB
Slab:             237332 kB
SReclaimable:      82596 kB
SUnreclaim:       154736 kB
KernelStack:       23120 kB
PageTables:        82288 kB
NFS_Unstable:          0 kB
Bounce:                0 kB
WritebackTmp:          0 kB
CommitLimit:     4927148 kB
Committed_AS:   15885932 kB
VmallocTotal:   34359738367 kB
VmallocUsed:           0 kB
VmallocChunk:          0 kB
HardwareCorrupted:     0 kB
AnonHugePages:         0 kB
ShmemHugePages:        0 kB
ShmemPmdMapped:        0 kB
CmaTotal:              0 kB
CmaFree:               0 kB
HugePages_Total:       0
HugePages_Free:        0
HugePages_Rsvd:        0
HugePages_Surp:        0
Hugepagesize:       2048 kB
DirectMap4k:      455968 kB
DirectMap2M:     7819264 kB
DirectMap1G:           0 kB


/proc/sys/kernel/threads-max (system-wide limit on the number of threads):
62364


/proc/sys/vm/max_map_count (maximum number of memory map areas a process may have):
65530


/proc/sys/kernel/pid_max (system-wide limit on number of process identifiers):
32768



container (cgroup) information:
container_type: cgroupv1
cpu_cpuset_cpus: 0-7
cpu_memory_nodes: 0
active_processor_count: 8
cpu_quota: -1
cpu_period: 100000
cpu_shares: -1
memory_limit_in_bytes: -1
memory_and_swap_limit_in_bytes: -2
memory_soft_limit_in_bytes: -1
memory_usage_in_bytes: 5409927168
memory_max_usage_in_bytes: 7443279872


CPU:total 8 (initial active 8) (4 cores per cpu, 2 threads per core) family 6 model 60 stepping 3, cmov, cx8, fxsr, mmx, sse, sse2, sse3, ssse3, sse4.1, sse4.2, popcnt, avx, avx2, aes, clmul, erms, lzcnt, ht, tsc, tscinvbit, bmi1, bmi2, fma
CPU Model and flags from /proc/cpuinfo:
model name	: Intel(R) Core(TM) i7-4720HQ CPU @ 2.60GHz
flags		: fpu vme de pse tsc msr pae mce cx8 apic sep mtrr pge mca cmov pat pse36 clflush dts acpi mmx fxsr sse sse2 ss ht tm pbe syscall nx pdpe1gb rdtscp lm constant_tsc arch_perfmon pebs bts rep_good nopl xtopology nonstop_tsc cpuid aperfmperf pni pclmulqdq dtes64 monitor ds_cpl vmx est tm2 ssse3 sdbg fma cx16 xtpr pdcm pcid sse4_1 sse4_2 x2apic movbe popcnt tsc_deadline_timer aes xsave avx f16c rdrand lahf_lm abm cpuid_fault epb invpcid_single pti ssbd ibrs ibpb stibp tpr_shadow vnmi flexpriority ept vpid fsgsbase tsc_adjust bmi1 avx2 smep bmi2 erms invpcid xsaveopt dtherm ida arat pln pts md_clear flush_l1d

Memory: 4k page, physical 8054380k(129592k free), swap 899960k(0k free)

vm_info: OpenJDK 64-Bit Server VM (11.0.3+7-Ubuntu-1ubuntu218.04.1) for linux-amd64 JRE (11.0.3+7-Ubuntu-1ubuntu218.04.1), built on Apr 23 2019 18:34:35 by "buildd" with gcc 7.3.0

END.
